Release 14.5 - xst P.58f (nt64)
Copyright (c) 1995-2012 Xilinx, Inc.  All rights reserved.
--> Parameter TMPDIR set to xst/projnav.tmp


Total REAL time to Xst completion: 0.00 secs
Total CPU time to Xst completion: 0.10 secs
 
--> Parameter xsthdpdir set to xst


Total REAL time to Xst completion: 0.00 secs
Total CPU time to Xst completion: 0.10 secs
 
--> Reading design: datapath.prj

TABLE OF CONTENTS
  1) Synthesis Options Summary
  2) HDL Parsing
  3) HDL Elaboration
  4) HDL Synthesis
       4.1) HDL Synthesis Report
  5) Advanced HDL Synthesis
       5.1) Advanced HDL Synthesis Report
  6) Low Level Synthesis
  7) Partition Report
  8) Design Summary
       8.1) Primitive and Black Box Usage
       8.2) Device utilization summary
       8.3) Partition Resource Summary
       8.4) Timing Report
            8.4.1) Clock Information
            8.4.2) Asynchronous Control Signals Information
            8.4.3) Timing Summary
            8.4.4) Timing Details
            8.4.5) Cross Clock Domains Report


=========================================================================
*                      Synthesis Options Summary                        *
=========================================================================
---- Source Parameters
Input File Name                    : "datapath.prj"
Ignore Synthesis Constraint File   : NO

---- Target Parameters
Output File Name                   : "datapath"
Output Format                      : NGC
Target Device                      : xa7a100t-2I-csg324

---- Source Options
Top Module Name                    : datapath
Automatic FSM Extraction           : YES
FSM Encoding Algorithm             : Auto
Safe Implementation                : No
FSM Style                          : LUT
RAM Extraction                     : Yes
RAM Style                          : Auto
ROM Extraction                     : Yes
Shift Register Extraction          : YES
ROM Style                          : Auto
Resource Sharing                   : YES
Asynchronous To Synchronous        : NO
Shift Register Minimum Size        : 2
Use DSP Block                      : Auto
Automatic Register Balancing       : No

---- Target Options
LUT Combining                      : Auto
Reduce Control Sets                : Auto
Add IO Buffers                     : YES
Global Maximum Fanout              : 100000
Add Generic Clock Buffer(BUFG)     : 32
Register Duplication               : YES
Optimize Instantiated Primitives   : NO
Use Clock Enable                   : Auto
Use Synchronous Set                : Auto
Use Synchronous Reset              : Auto
Pack IO Registers into IOBs        : Auto
Equivalent register Removal        : YES

---- General Options
Optimization Goal                  : Speed
Optimization Effort                : 1
Power Reduction                    : NO
Keep Hierarchy                     : No
Netlist Hierarchy                  : As_Optimized
RTL Output                         : Yes
Global Optimization                : AllClockNets
Read Cores                         : YES
Write Timing Constraints           : NO
Cross Clock Analysis               : NO
Hierarchy Separator                : /
Bus Delimiter                      : <>
Case Specifier                     : Maintain
Slice Utilization Ratio            : 100
BRAM Utilization Ratio             : 100
DSP48 Utilization Ratio            : 100
Auto BRAM Packing                  : NO
Slice Utilization Ratio Delta      : 5

=========================================================================


=========================================================================
*                          HDL Parsing                                  *
=========================================================================
Parsing VHDL file "C:\CO_project_phase2_v2\RegisterZeroEntity.vhd" into library work
Parsing entity <RegisterZeroEntity>.
Parsing architecture <Behavioral> of entity <registerzeroentity>.
Parsing VHDL file "C:\CO_project_phase2_v2\RegisterEntity.vhd" into library work
Parsing entity <RegisterEntity>.
Parsing architecture <Behavioral> of entity <registerentity>.
Parsing VHDL file "C:\CO_project_phase2_v2\General_Mux.vhd" into library work
Parsing entity <General_Mux>.
Parsing architecture <Behavioral> of entity <general_mux>.
Parsing VHDL file "C:\CO_project_phase2_v2\demux.vhd" into library work
Parsing entity <demux>.
Parsing architecture <Behavioral> of entity <demux>.
Parsing VHDL file "C:\CO_project_phase2_v2\sl2.vhd" into library work
Parsing entity <sl2>.
Parsing architecture <myarch> of entity <sl2>.
Parsing VHDL file "C:\CO_project_phase2_v2\signext.vhd" into library work
Parsing entity <signext>.
Parsing architecture <beave> of entity <signext>.
Parsing VHDL file "C:\CO_project_phase2_v2\Register_File.vhd" into library work
Parsing entity <Register_File>.
Parsing architecture <Behavioral> of entity <register_file>.
Parsing VHDL file "C:\CO_project_phase2_v2\Mux2_5bits.vhd" into library work
Parsing entity <Mux2_5bits>.
Parsing architecture <MuxArch> of entity <mux2_5bits>.
Parsing VHDL file "C:\CO_project_phase2_v2\Mux2.vhd" into library work
Parsing entity <Mux2>.
Parsing architecture <MuxArch> of entity <mux2>.
Parsing VHDL file "C:\CO_project_phase2_v2\flopr.vhd" into library work
Parsing entity <flopr>.
INFO:HDLCompiler:1676 - "C:\CO_project_phase2_v2\flopr.vhd" Line 30. declaration of a buffer port will make it difficult for you to validate this design by simulation. It is preferable to declare it as output
Parsing architecture <Behavioral> of entity <flopr>.
Parsing VHDL file "C:\CO_project_phase2_v2\data_path_package.vhd" into library work
Parsing package <data_path_package>.
INFO:HDLCompiler:1676 - "C:\CO_project_phase2_v2\data_path_package.vhd" Line 60. declaration of a buffer port will make it difficult for you to validate this design by simulation. It is preferable to declare it as output
Parsing VHDL file "C:\CO_project_phase2_v2\alu.vhd" into library work
Parsing entity <alu>.
Parsing architecture <Behavioral> of entity <alu>.
Parsing VHDL file "C:\CO_project_phase2_v2\adder.vhd" into library work
Parsing entity <adder>.
Parsing architecture <Behavioral> of entity <adder>.
Parsing VHDL file "C:\CO_project_phase2_v2\data_path.vhd" into library work
Parsing entity <datapath>.
INFO:HDLCompiler:1676 - "C:\CO_project_phase2_v2\data_path.vhd" Line 33. declaration of a buffer port will make it difficult for you to validate this design by simulation. It is preferable to declare it as output
INFO:HDLCompiler:1676 - "C:\CO_project_phase2_v2\data_path.vhd" Line 35. declaration of a buffer port will make it difficult for you to validate this design by simulation. It is preferable to declare it as output
INFO:HDLCompiler:1676 - "C:\CO_project_phase2_v2\data_path.vhd" Line 36. declaration of a buffer port will make it difficult for you to validate this design by simulation. It is preferable to declare it as output
Parsing architecture <Behavioral> of entity <datapath>.

=========================================================================
*                            HDL Elaboration                            *
=========================================================================

Elaborating entity <datapath> (architecture <Behavioral>) from library <work>.

Elaborating entity <flopr> (architecture <Behavioral>) with generics from library <work>.

Elaborating entity <adder> (architecture <Behavioral>) from library <work>.

Elaborating entity <sl2> (architecture <myarch>) from library <work>.

Elaborating entity <Mux2> (architecture <MuxArch>) with generics from library <work>.

Elaborating entity <Mux2_5bits> (architecture <MuxArch>) with generics from library <work>.

Elaborating entity <Register_File> (architecture <Behavioral>) from library <work>.

Elaborating entity <demux> (architecture <Behavioral>) from library <work>.

Elaborating entity <RegisterZeroEntity> (architecture <Behavioral>) from library <work>.

Elaborating entity <RegisterEntity> (architecture <Behavioral>) from library <work>.

Elaborating entity <General_Mux> (architecture <Behavioral>) with generics from library <work>.

Elaborating entity <signext> (architecture <beave>) from library <work>.

Elaborating entity <alu> (architecture <Behavioral>) from library <work>.

=========================================================================
*                           HDL Synthesis                               *
=========================================================================

Synthesizing Unit <datapath>.
    Related source file is "C:\CO_project_phase2_v2\data_path.vhd".
WARNING:Xst:647 - Input <instr<31:26>> is never used. This port will be preserved and left unconnected if it belongs to a top-level block or it belongs to a sub-block and the hierarchy of this sub-block is preserved.
INFO:Xst:3210 - "C:\CO_project_phase2_v2\data_path.vhd" line 107: Output port <zflag> of the instance <main_alu> is unconnected or connected to loadless signal.
    Summary:
	no macro.
Unit <datapath> synthesized.

Synthesizing Unit <flopr>.
    Related source file is "C:\CO_project_phase2_v2\flopr.vhd".
        n = 32
    Found 32-bit register for signal <q>.
    Summary:
	inferred  32 D-type flip-flop(s).
Unit <flopr> synthesized.

Synthesizing Unit <adder>.
    Related source file is "C:\CO_project_phase2_v2\adder.vhd".
    Found 33-bit adder for signal <result> created at line 35.
    Summary:
	inferred   1 Adder/Subtractor(s).
Unit <adder> synthesized.

Synthesizing Unit <sl2>.
    Related source file is "C:\CO_project_phase2_v2\sl2.vhd".
WARNING:Xst:647 - Input <a<31:30>> is never used. This port will be preserved and left unconnected if it belongs to a top-level block or it belongs to a sub-block and the hierarchy of this sub-block is preserved.
    Summary:
	no macro.
Unit <sl2> synthesized.

Synthesizing Unit <Mux2>.
    Related source file is "C:\CO_project_phase2_v2\Mux2.vhd".
        n = 32
    Summary:
	inferred   1 Multiplexer(s).
Unit <Mux2> synthesized.

Synthesizing Unit <Mux2_5bits>.
    Related source file is "C:\CO_project_phase2_v2\Mux2_5bits.vhd".
        n = 5
    Summary:
	inferred   1 Multiplexer(s).
Unit <Mux2_5bits> synthesized.

Synthesizing Unit <Register_File>.
    Related source file is "C:\CO_project_phase2_v2\Register_File.vhd".
    Summary:
	no macro.
Unit <Register_File> synthesized.

Synthesizing Unit <demux>.
    Related source file is "C:\CO_project_phase2_v2\demux.vhd".
    Summary:
	inferred   1 Multiplexer(s).
Unit <demux> synthesized.

Synthesizing Unit <RegisterZeroEntity>.
    Related source file is "C:\CO_project_phase2_v2\RegisterZeroEntity.vhd".
WARNING:Xst:647 - Input <written_data> is never used. This port will be preserved and left unconnected if it belongs to a top-level block or it belongs to a sub-block and the hierarchy of this sub-block is preserved.
WARNING:Xst:647 - Input <write_enable> is never used. This port will be preserved and left unconnected if it belongs to a top-level block or it belongs to a sub-block and the hierarchy of this sub-block is preserved.
WARNING:Xst:647 - Input <clk> is never used. This port will be preserved and left unconnected if it belongs to a top-level block or it belongs to a sub-block and the hierarchy of this sub-block is preserved.
WARNING:Xst:647 - Input <reset> is never used. This port will be preserved and left unconnected if it belongs to a top-level block or it belongs to a sub-block and the hierarchy of this sub-block is preserved.
    Summary:
	no macro.
Unit <RegisterZeroEntity> synthesized.

Synthesizing Unit <RegisterEntity>.
    Related source file is "C:\CO_project_phase2_v2\RegisterEntity.vhd".
    Found 32-bit register for signal <reg_data>.
    Summary:
	inferred  32 D-type flip-flop(s).
Unit <RegisterEntity> synthesized.

Synthesizing Unit <General_Mux>.
    Related source file is "C:\CO_project_phase2_v2\General_Mux.vhd".
        BITS = 32
    Found 32-bit 32-to-1 multiplexer for signal <output> created at line 26.
    Summary:
	inferred   1 Multiplexer(s).
Unit <General_Mux> synthesized.

Synthesizing Unit <signext>.
    Related source file is "C:\CO_project_phase2_v2\signext.vhd".
    Summary:
	no macro.
Unit <signext> synthesized.

Synthesizing Unit <alu>.
    Related source file is "C:\CO_project_phase2_v2\alu.vhd".
    Found 32-bit adder for signal <n0041> created at line 44.
    Found 32-bit adder for signal <sum> created at line 44.
    Found 32-bit 4-to-1 multiplexer for signal <tmp> created at line 36.
    Summary:
	inferred   2 Adder/Subtractor(s).
	inferred   3 Multiplexer(s).
Unit <alu> synthesized.

=========================================================================
HDL Synthesis Report

Macro Statistics
# Adders/Subtractors                                   : 4
 32-bit adder                                          : 2
 33-bit adder                                          : 2
# Registers                                            : 32
 32-bit register                                       : 32
# Multiplexers                                         : 11
 32-bit 2-to-1 multiplexer                             : 7
 32-bit 32-to-1 multiplexer                            : 2
 32-bit 4-to-1 multiplexer                             : 1
 5-bit 2-to-1 multiplexer                              : 1

=========================================================================

=========================================================================
*                       Advanced HDL Synthesis                          *
=========================================================================

WARNING:Xst - The specified part-type was not generated at build time. XST is loading the full part-type and will therefore consume more CPU and memory.
Loading device for application Rf_Device from file '7a100t.nph' in environment C:\Xilinx\14.5\ISE_DS\ISE\.
Loading device for application Rf_Device from file '7a100t.nph' in environment C:\Xilinx\14.5\ISE_DS\ISE\.

=========================================================================
Advanced HDL Synthesis Report

Macro Statistics
# Adders/Subtractors                                   : 3
 32-bit adder                                          : 2
 32-bit adder carry in                                 : 1
# Registers                                            : 1024
 Flip-Flops                                            : 1024
# Multiplexers                                         : 11
 32-bit 2-to-1 multiplexer                             : 7
 32-bit 32-to-1 multiplexer                            : 2
 32-bit 4-to-1 multiplexer                             : 1
 5-bit 2-to-1 multiplexer                              : 1

=========================================================================

=========================================================================
*                         Low Level Synthesis                           *
=========================================================================
WARNING:Xst:1989 - Unit <Register_File>: instances <register1>, <register2> of unit <RegisterEntity> are equivalent, second instance is removed

Optimizing unit <flopr> ...

Optimizing unit <datapath> ...

Optimizing unit <alu> ...

Optimizing unit <Register_File> ...
WARNING:Xst:1710 - FF/Latch <pcreg/q_1> (without init value) has a constant value of 0 in block <datapath>. This FF/Latch will be trimmed during the optimization process.
WARNING:Xst:1895 - Due to other FF/Latch trimming, FF/Latch <pcreg/q_0> (without init value) has a constant value of 0 in block <datapath>. This FF/Latch will be trimmed during the optimization process.

Mapping all equations...
Building and optimizing final netlist ...
Found area constraint ratio of 100 (+ 5) on block datapath, actual ratio is 2.

Final Macro Processing ...

=========================================================================
Final Register Report

Macro Statistics
# Registers                                            : 990
 Flip-Flops                                            : 990

=========================================================================

=========================================================================
*                           Partition Report                            *
=========================================================================

Partition Implementation Status
-------------------------------

  No Partitions were found in this design.

-------------------------------

=========================================================================
*                            Design Summary                             *
=========================================================================

Top Level Output File Name         : datapath.ngc

Primitive and Black Box Usage:
------------------------------
# BELS                             : 1184
#      GND                         : 1
#      INV                         : 1
#      LUT1                        : 29
#      LUT2                        : 58
#      LUT3                        : 26
#      LUT4                        : 115
#      LUT5                        : 34
#      LUT6                        : 708
#      MUXCY                       : 89
#      MUXF7                       : 30
#      VCC                         : 1
#      XORCY                       : 92
# FlipFlops/Latches                : 990
#      FDC                         : 30
#      FDCE                        : 960
# Clock Buffers                    : 1
#      BUFGP                       : 1
# IO Buffers                       : 165
#      IBUF                        : 69
#      OBUF                        : 96

Device utilization summary:
---------------------------

Selected Device : xa7a100tcsg324-2i 


Slice Logic Utilization: 
 Number of Slice Registers:             990  out of  126800     0%  
 Number of Slice LUTs:                  971  out of  63400     1%  
    Number used as Logic:               971  out of  63400     1%  

Slice Logic Distribution: 
 Number of LUT Flip Flop pairs used:   1855
   Number with an unused Flip Flop:     865  out of   1855    46%  
   Number with an unused LUT:           884  out of   1855    47%  
   Number of fully used LUT-FF pairs:   106  out of   1855     5%  
   Number of unique control sets:        31

IO Utilization: 
 Number of IOs:                         173
 Number of bonded IOBs:                 166  out of    210    79%  

Specific Feature Utilization:
 Number of BUFG/BUFGCTRL/BUFHCEs:         1  out of    128     0%  

---------------------------
Partition Resource Summary:
---------------------------

  No Partitions were found in this design.

---------------------------


=========================================================================
Timing Report

NOTE: THESE TIMING NUMBERS ARE ONLY A SYNTHESIS ESTIMATE.
      FOR ACCURATE TIMING INFORMATION PLEASE REFER TO THE TRACE REPORT
      GENERATED AFTER PLACE-and-ROUTE.

Clock Information:
------------------
-----------------------------------+------------------------+-------+
Clock Signal                       | Clock buffer(FF name)  | Load  |
-----------------------------------+------------------------+-------+
clk                                | BUFGP                  | 990   |
-----------------------------------+------------------------+-------+

Asynchronous Control Signals Information:
----------------------------------------
No asynchronous control signals found in this design

Timing Summary:
---------------
Speed Grade: -2

   Minimum period: 4.643ns (Maximum Frequency: 215.385MHz)
   Minimum input arrival time before clock: 4.586ns
   Maximum output required time after clock: 5.103ns
   Maximum combinational path delay: 5.047ns

Timing Details:
---------------
All values displayed in nanoseconds (ns)

=========================================================================
Timing constraint: Default period analysis for Clock 'clk'
  Clock period: 4.643ns (frequency: 215.385MHz)
  Total number of paths / destination ports: 1553420 / 990
-------------------------------------------------------------------------
Delay:               4.643ns (Levels of Logic = 37)
  Source:            rf_instance/register6/reg_data_0 (FF)
  Destination:       rf_instance/register1/reg_data_0 (FF)
  Source Clock:      clk rising
  Destination Clock: clk rising

  Data Path: rf_instance/register6/reg_data_0 to rf_instance/register1/reg_data_0
                                Gate     Net
    Cell:in->out      fanout   Delay   Delay  Logical Name (Net Name)
    ----------------------------------------  ------------
     FDCE:C->Q             2   0.361   0.621  rf_instance/register6/reg_data_0 (rf_instance/register6/reg_data_0)
     LUT6:I2->O            1   0.097   0.571  rf_instance/read_data_mux2/Mmux_output_91 (rf_instance/read_data_mux2/Mmux_output_91)
     LUT6:I3->O            1   0.097   0.439  rf_instance/read_data_mux2/Mmux_output_4 (rf_instance/read_data_mux2/Mmux_output_4)
     LUT6:I4->O            4   0.097   0.372  main_alu/Mmux_B110 (main_alu/B<0>)
     LUT5:I4->O            1   0.097   0.000  main_alu/Madd_sum_Madd_lut<0> (main_alu/Madd_sum_Madd_lut<0>)
     MUXCY:S->O            1   0.353   0.000  main_alu/Madd_sum_Madd_cy<0> (main_alu/Madd_sum_Madd_cy<0>)
     MUXCY:CI->O           1   0.023   0.000  main_alu/Madd_sum_Madd_cy<1> (main_alu/Madd_sum_Madd_cy<1>)
     MUXCY:CI->O           1   0.023   0.000  main_alu/Madd_sum_Madd_cy<2> (main_alu/Madd_sum_Madd_cy<2>)
     MUXCY:CI->O           1   0.023   0.000  main_alu/Madd_sum_Madd_cy<3> (main_alu/Madd_sum_Madd_cy<3>)
     MUXCY:CI->O           1   0.023   0.000  main_alu/Madd_sum_Madd_cy<4> (main_alu/Madd_sum_Madd_cy<4>)
     MUXCY:CI->O           1   0.023   0.000  main_alu/Madd_sum_Madd_cy<5> (main_alu/Madd_sum_Madd_cy<5>)
     MUXCY:CI->O           1   0.023   0.000  main_alu/Madd_sum_Madd_cy<6> (main_alu/Madd_sum_Madd_cy<6>)
     MUXCY:CI->O           1   0.023   0.000  main_alu/Madd_sum_Madd_cy<7> (main_alu/Madd_sum_Madd_cy<7>)
     MUXCY:CI->O           1   0.023   0.000  main_alu/Madd_sum_Madd_cy<8> (main_alu/Madd_sum_Madd_cy<8>)
     MUXCY:CI->O           1   0.023   0.000  main_alu/Madd_sum_Madd_cy<9> (main_alu/Madd_sum_Madd_cy<9>)
     MUXCY:CI->O           1   0.023   0.000  main_alu/Madd_sum_Madd_cy<10> (main_alu/Madd_sum_Madd_cy<10>)
     MUXCY:CI->O           1   0.023   0.000  main_alu/Madd_sum_Madd_cy<11> (main_alu/Madd_sum_Madd_cy<11>)
     MUXCY:CI->O           1   0.023   0.000  main_alu/Madd_sum_Madd_cy<12> (main_alu/Madd_sum_Madd_cy<12>)
     MUXCY:CI->O           1   0.023   0.000  main_alu/Madd_sum_Madd_cy<13> (main_alu/Madd_sum_Madd_cy<13>)
     MUXCY:CI->O           1   0.023   0.000  main_alu/Madd_sum_Madd_cy<14> (main_alu/Madd_sum_Madd_cy<14>)
     MUXCY:CI->O           1   0.023   0.000  main_alu/Madd_sum_Madd_cy<15> (main_alu/Madd_sum_Madd_cy<15>)
     MUXCY:CI->O           1   0.023   0.000  main_alu/Madd_sum_Madd_cy<16> (main_alu/Madd_sum_Madd_cy<16>)
     MUXCY:CI->O           1   0.023   0.000  main_alu/Madd_sum_Madd_cy<17> (main_alu/Madd_sum_Madd_cy<17>)
     MUXCY:CI->O           1   0.023   0.000  main_alu/Madd_sum_Madd_cy<18> (main_alu/Madd_sum_Madd_cy<18>)
     MUXCY:CI->O           1   0.023   0.000  main_alu/Madd_sum_Madd_cy<19> (main_alu/Madd_sum_Madd_cy<19>)
     MUXCY:CI->O           1   0.023   0.000  main_alu/Madd_sum_Madd_cy<20> (main_alu/Madd_sum_Madd_cy<20>)
     MUXCY:CI->O           1   0.023   0.000  main_alu/Madd_sum_Madd_cy<21> (main_alu/Madd_sum_Madd_cy<21>)
     MUXCY:CI->O           1   0.023   0.000  main_alu/Madd_sum_Madd_cy<22> (main_alu/Madd_sum_Madd_cy<22>)
     MUXCY:CI->O           1   0.023   0.000  main_alu/Madd_sum_Madd_cy<23> (main_alu/Madd_sum_Madd_cy<23>)
     MUXCY:CI->O           1   0.023   0.000  main_alu/Madd_sum_Madd_cy<24> (main_alu/Madd_sum_Madd_cy<24>)
     MUXCY:CI->O           1   0.023   0.000  main_alu/Madd_sum_Madd_cy<25> (main_alu/Madd_sum_Madd_cy<25>)
     MUXCY:CI->O           1   0.023   0.000  main_alu/Madd_sum_Madd_cy<26> (main_alu/Madd_sum_Madd_cy<26>)
     MUXCY:CI->O           1   0.023   0.000  main_alu/Madd_sum_Madd_cy<27> (main_alu/Madd_sum_Madd_cy<27>)
     MUXCY:CI->O           1   0.023   0.000  main_alu/Madd_sum_Madd_cy<28> (main_alu/Madd_sum_Madd_cy<28>)
     MUXCY:CI->O           1   0.023   0.000  main_alu/Madd_sum_Madd_cy<29> (main_alu/Madd_sum_Madd_cy<29>)
     MUXCY:CI->O           0   0.023   0.000  main_alu/Madd_sum_Madd_cy<30> (main_alu/Madd_sum_Madd_cy<30>)
     XORCY:CI->O           4   0.370   0.372  main_alu/Madd_sum_Madd_xor<31> (main_alu/sum<31>)
     LUT6:I5->O           31   0.097   0.000  memtoreg_mux/Mmux_Y251 (writedata_31_OBUF)
     FDCE:D                    0.008          rf_instance/register31/reg_data_31
    ----------------------------------------
    Total                      4.643ns (2.267ns logic, 2.376ns route)
                                       (48.8% logic, 51.2% route)

=========================================================================
Timing constraint: Default OFFSET IN BEFORE for Clock 'clk'
  Total number of paths / destination ports: 1212971 / 2940
-------------------------------------------------------------------------
Offset:              4.586ns (Levels of Logic = 38)
  Source:            instr<17> (PAD)
  Destination:       rf_instance/register1/reg_data_0 (FF)
  Destination Clock: clk rising

  Data Path: instr<17> to rf_instance/register1/reg_data_0
                                Gate     Net
    Cell:in->out      fanout   Delay   Delay  Logical Name (Net Name)
    ----------------------------------------  ------------
     IBUF:I->O           258   0.001   0.925  instr_17_IBUF (instr_17_IBUF)
     LUT6:I0->O            1   0.097   0.571  rf_instance/read_data_mux2/Mmux_output_91 (rf_instance/read_data_mux2/Mmux_output_91)
     LUT6:I3->O            1   0.097   0.439  rf_instance/read_data_mux2/Mmux_output_4 (rf_instance/read_data_mux2/Mmux_output_4)
     LUT6:I4->O            4   0.097   0.372  main_alu/Mmux_B110 (main_alu/B<0>)
     LUT5:I4->O            1   0.097   0.000  main_alu/Madd_sum_Madd_lut<0> (main_alu/Madd_sum_Madd_lut<0>)
     MUXCY:S->O            1   0.353   0.000  main_alu/Madd_sum_Madd_cy<0> (main_alu/Madd_sum_Madd_cy<0>)
     MUXCY:CI->O           1   0.023   0.000  main_alu/Madd_sum_Madd_cy<1> (main_alu/Madd_sum_Madd_cy<1>)
     MUXCY:CI->O           1   0.023   0.000  main_alu/Madd_sum_Madd_cy<2> (main_alu/Madd_sum_Madd_cy<2>)
     MUXCY:CI->O           1   0.023   0.000  main_alu/Madd_sum_Madd_cy<3> (main_alu/Madd_sum_Madd_cy<3>)
     MUXCY:CI->O           1   0.023   0.000  main_alu/Madd_sum_Madd_cy<4> (main_alu/Madd_sum_Madd_cy<4>)
     MUXCY:CI->O           1   0.023   0.000  main_alu/Madd_sum_Madd_cy<5> (main_alu/Madd_sum_Madd_cy<5>)
     MUXCY:CI->O           1   0.023   0.000  main_alu/Madd_sum_Madd_cy<6> (main_alu/Madd_sum_Madd_cy<6>)
     MUXCY:CI->O           1   0.023   0.000  main_alu/Madd_sum_Madd_cy<7> (main_alu/Madd_sum_Madd_cy<7>)
     MUXCY:CI->O           1   0.023   0.000  main_alu/Madd_sum_Madd_cy<8> (main_alu/Madd_sum_Madd_cy<8>)
     MUXCY:CI->O           1   0.023   0.000  main_alu/Madd_sum_Madd_cy<9> (main_alu/Madd_sum_Madd_cy<9>)
     MUXCY:CI->O           1   0.023   0.000  main_alu/Madd_sum_Madd_cy<10> (main_alu/Madd_sum_Madd_cy<10>)
     MUXCY:CI->O           1   0.023   0.000  main_alu/Madd_sum_Madd_cy<11> (main_alu/Madd_sum_Madd_cy<11>)
     MUXCY:CI->O           1   0.023   0.000  main_alu/Madd_sum_Madd_cy<12> (main_alu/Madd_sum_Madd_cy<12>)
     MUXCY:CI->O           1   0.023   0.000  main_alu/Madd_sum_Madd_cy<13> (main_alu/Madd_sum_Madd_cy<13>)
     MUXCY:CI->O           1   0.023   0.000  main_alu/Madd_sum_Madd_cy<14> (main_alu/Madd_sum_Madd_cy<14>)
     MUXCY:CI->O           1   0.023   0.000  main_alu/Madd_sum_Madd_cy<15> (main_alu/Madd_sum_Madd_cy<15>)
     MUXCY:CI->O           1   0.023   0.000  main_alu/Madd_sum_Madd_cy<16> (main_alu/Madd_sum_Madd_cy<16>)
     MUXCY:CI->O           1   0.023   0.000  main_alu/Madd_sum_Madd_cy<17> (main_alu/Madd_sum_Madd_cy<17>)
     MUXCY:CI->O           1   0.023   0.000  main_alu/Madd_sum_Madd_cy<18> (main_alu/Madd_sum_Madd_cy<18>)
     MUXCY:CI->O           1   0.023   0.000  main_alu/Madd_sum_Madd_cy<19> (main_alu/Madd_sum_Madd_cy<19>)
     MUXCY:CI->O           1   0.023   0.000  main_alu/Madd_sum_Madd_cy<20> (main_alu/Madd_sum_Madd_cy<20>)
     MUXCY:CI->O           1   0.023   0.000  main_alu/Madd_sum_Madd_cy<21> (main_alu/Madd_sum_Madd_cy<21>)
     MUXCY:CI->O           1   0.023   0.000  main_alu/Madd_sum_Madd_cy<22> (main_alu/Madd_sum_Madd_cy<22>)
     MUXCY:CI->O           1   0.023   0.000  main_alu/Madd_sum_Madd_cy<23> (main_alu/Madd_sum_Madd_cy<23>)
     MUXCY:CI->O           1   0.023   0.000  main_alu/Madd_sum_Madd_cy<24> (main_alu/Madd_sum_Madd_cy<24>)
     MUXCY:CI->O           1   0.023   0.000  main_alu/Madd_sum_Madd_cy<25> (main_alu/Madd_sum_Madd_cy<25>)
     MUXCY:CI->O           1   0.023   0.000  main_alu/Madd_sum_Madd_cy<26> (main_alu/Madd_sum_Madd_cy<26>)
     MUXCY:CI->O           1   0.023   0.000  main_alu/Madd_sum_Madd_cy<27> (main_alu/Madd_sum_Madd_cy<27>)
     MUXCY:CI->O           1   0.023   0.000  main_alu/Madd_sum_Madd_cy<28> (main_alu/Madd_sum_Madd_cy<28>)
     MUXCY:CI->O           1   0.023   0.000  main_alu/Madd_sum_Madd_cy<29> (main_alu/Madd_sum_Madd_cy<29>)
     MUXCY:CI->O           0   0.023   0.000  main_alu/Madd_sum_Madd_cy<30> (main_alu/Madd_sum_Madd_cy<30>)
     XORCY:CI->O           4   0.370   0.372  main_alu/Madd_sum_Madd_xor<31> (main_alu/sum<31>)
     LUT6:I5->O           31   0.097   0.000  memtoreg_mux/Mmux_Y251 (writedata_31_OBUF)
     FDCE:D                    0.008          rf_instance/register31/reg_data_31
    ----------------------------------------
    Total                      4.586ns (1.907ns logic, 2.679ns route)
                                       (41.6% logic, 58.4% route)

=========================================================================
Timing constraint: Default OFFSET OUT AFTER for Clock 'clk'
  Total number of paths / destination ports: 102810 / 94
-------------------------------------------------------------------------
Offset:              5.103ns (Levels of Logic = 38)
  Source:            rf_instance/register6/reg_data_0 (FF)
  Destination:       writedata<31> (PAD)
  Source Clock:      clk rising

  Data Path: rf_instance/register6/reg_data_0 to writedata<31>
                                Gate     Net
    Cell:in->out      fanout   Delay   Delay  Logical Name (Net Name)
    ----------------------------------------  ------------
     FDCE:C->Q             2   0.361   0.621  rf_instance/register6/reg_data_0 (rf_instance/register6/reg_data_0)
     LUT6:I2->O            1   0.097   0.571  rf_instance/read_data_mux2/Mmux_output_91 (rf_instance/read_data_mux2/Mmux_output_91)
     LUT6:I3->O            1   0.097   0.439  rf_instance/read_data_mux2/Mmux_output_4 (rf_instance/read_data_mux2/Mmux_output_4)
     LUT6:I4->O            4   0.097   0.372  main_alu/Mmux_B110 (main_alu/B<0>)
     LUT5:I4->O            1   0.097   0.000  main_alu/Madd_sum_Madd_lut<0> (main_alu/Madd_sum_Madd_lut<0>)
     MUXCY:S->O            1   0.353   0.000  main_alu/Madd_sum_Madd_cy<0> (main_alu/Madd_sum_Madd_cy<0>)
     MUXCY:CI->O           1   0.023   0.000  main_alu/Madd_sum_Madd_cy<1> (main_alu/Madd_sum_Madd_cy<1>)
     MUXCY:CI->O           1   0.023   0.000  main_alu/Madd_sum_Madd_cy<2> (main_alu/Madd_sum_Madd_cy<2>)
     MUXCY:CI->O           1   0.023   0.000  main_alu/Madd_sum_Madd_cy<3> (main_alu/Madd_sum_Madd_cy<3>)
     MUXCY:CI->O           1   0.023   0.000  main_alu/Madd_sum_Madd_cy<4> (main_alu/Madd_sum_Madd_cy<4>)
     MUXCY:CI->O           1   0.023   0.000  main_alu/Madd_sum_Madd_cy<5> (main_alu/Madd_sum_Madd_cy<5>)
     MUXCY:CI->O           1   0.023   0.000  main_alu/Madd_sum_Madd_cy<6> (main_alu/Madd_sum_Madd_cy<6>)
     MUXCY:CI->O           1   0.023   0.000  main_alu/Madd_sum_Madd_cy<7> (main_alu/Madd_sum_Madd_cy<7>)
     MUXCY:CI->O           1   0.023   0.000  main_alu/Madd_sum_Madd_cy<8> (main_alu/Madd_sum_Madd_cy<8>)
     MUXCY:CI->O           1   0.023   0.000  main_alu/Madd_sum_Madd_cy<9> (main_alu/Madd_sum_Madd_cy<9>)
     MUXCY:CI->O           1   0.023   0.000  main_alu/Madd_sum_Madd_cy<10> (main_alu/Madd_sum_Madd_cy<10>)
     MUXCY:CI->O           1   0.023   0.000  main_alu/Madd_sum_Madd_cy<11> (main_alu/Madd_sum_Madd_cy<11>)
     MUXCY:CI->O           1   0.023   0.000  main_alu/Madd_sum_Madd_cy<12> (main_alu/Madd_sum_Madd_cy<12>)
     MUXCY:CI->O           1   0.023   0.000  main_alu/Madd_sum_Madd_cy<13> (main_alu/Madd_sum_Madd_cy<13>)
     MUXCY:CI->O           1   0.023   0.000  main_alu/Madd_sum_Madd_cy<14> (main_alu/Madd_sum_Madd_cy<14>)
     MUXCY:CI->O           1   0.023   0.000  main_alu/Madd_sum_Madd_cy<15> (main_alu/Madd_sum_Madd_cy<15>)
     MUXCY:CI->O           1   0.023   0.000  main_alu/Madd_sum_Madd_cy<16> (main_alu/Madd_sum_Madd_cy<16>)
     MUXCY:CI->O           1   0.023   0.000  main_alu/Madd_sum_Madd_cy<17> (main_alu/Madd_sum_Madd_cy<17>)
     MUXCY:CI->O           1   0.023   0.000  main_alu/Madd_sum_Madd_cy<18> (main_alu/Madd_sum_Madd_cy<18>)
     MUXCY:CI->O           1   0.023   0.000  main_alu/Madd_sum_Madd_cy<19> (main_alu/Madd_sum_Madd_cy<19>)
     MUXCY:CI->O           1   0.023   0.000  main_alu/Madd_sum_Madd_cy<20> (main_alu/Madd_sum_Madd_cy<20>)
     MUXCY:CI->O           1   0.023   0.000  main_alu/Madd_sum_Madd_cy<21> (main_alu/Madd_sum_Madd_cy<21>)
     MUXCY:CI->O           1   0.023   0.000  main_alu/Madd_sum_Madd_cy<22> (main_alu/Madd_sum_Madd_cy<22>)
     MUXCY:CI->O           1   0.023   0.000  main_alu/Madd_sum_Madd_cy<23> (main_alu/Madd_sum_Madd_cy<23>)
     MUXCY:CI->O           1   0.023   0.000  main_alu/Madd_sum_Madd_cy<24> (main_alu/Madd_sum_Madd_cy<24>)
     MUXCY:CI->O           1   0.023   0.000  main_alu/Madd_sum_Madd_cy<25> (main_alu/Madd_sum_Madd_cy<25>)
     MUXCY:CI->O           1   0.023   0.000  main_alu/Madd_sum_Madd_cy<26> (main_alu/Madd_sum_Madd_cy<26>)
     MUXCY:CI->O           1   0.023   0.000  main_alu/Madd_sum_Madd_cy<27> (main_alu/Madd_sum_Madd_cy<27>)
     MUXCY:CI->O           1   0.023   0.000  main_alu/Madd_sum_Madd_cy<28> (main_alu/Madd_sum_Madd_cy<28>)
     MUXCY:CI->O           1   0.023   0.000  main_alu/Madd_sum_Madd_cy<29> (main_alu/Madd_sum_Madd_cy<29>)
     MUXCY:CI->O           0   0.023   0.000  main_alu/Madd_sum_Madd_cy<30> (main_alu/Madd_sum_Madd_cy<30>)
     XORCY:CI->O           4   0.370   0.372  main_alu/Madd_sum_Madd_xor<31> (main_alu/sum<31>)
     LUT6:I5->O           31   0.097   0.469  memtoreg_mux/Mmux_Y251 (writedata_31_OBUF)
     OBUF:I->O                 0.000          writedata_31_OBUF (writedata<31>)
    ----------------------------------------
    Total                      5.103ns (2.259ns logic, 2.844ns route)
                                       (44.3% logic, 55.7% route)

=========================================================================
Timing constraint: Default path analysis
  Total number of paths / destination ports: 79548 / 64
-------------------------------------------------------------------------
Delay:               5.047ns (Levels of Logic = 39)
  Source:            instr<17> (PAD)
  Destination:       writedata<31> (PAD)

  Data Path: instr<17> to writedata<31>
                                Gate     Net
    Cell:in->out      fanout   Delay   Delay  Logical Name (Net Name)
    ----------------------------------------  ------------
     IBUF:I->O           258   0.001   0.925  instr_17_IBUF (instr_17_IBUF)
     LUT6:I0->O            1   0.097   0.571  rf_instance/read_data_mux2/Mmux_output_91 (rf_instance/read_data_mux2/Mmux_output_91)
     LUT6:I3->O            1   0.097   0.439  rf_instance/read_data_mux2/Mmux_output_4 (rf_instance/read_data_mux2/Mmux_output_4)
     LUT6:I4->O            4   0.097   0.372  main_alu/Mmux_B110 (main_alu/B<0>)
     LUT5:I4->O            1   0.097   0.000  main_alu/Madd_sum_Madd_lut<0> (main_alu/Madd_sum_Madd_lut<0>)
     MUXCY:S->O            1   0.353   0.000  main_alu/Madd_sum_Madd_cy<0> (main_alu/Madd_sum_Madd_cy<0>)
     MUXCY:CI->O           1   0.023   0.000  main_alu/Madd_sum_Madd_cy<1> (main_alu/Madd_sum_Madd_cy<1>)
     MUXCY:CI->O           1   0.023   0.000  main_alu/Madd_sum_Madd_cy<2> (main_alu/Madd_sum_Madd_cy<2>)
     MUXCY:CI->O           1   0.023   0.000  main_alu/Madd_sum_Madd_cy<3> (main_alu/Madd_sum_Madd_cy<3>)
     MUXCY:CI->O           1   0.023   0.000  main_alu/Madd_sum_Madd_cy<4> (main_alu/Madd_sum_Madd_cy<4>)
     MUXCY:CI->O           1   0.023   0.000  main_alu/Madd_sum_Madd_cy<5> (main_alu/Madd_sum_Madd_cy<5>)
     MUXCY:CI->O           1   0.023   0.000  main_alu/Madd_sum_Madd_cy<6> (main_alu/Madd_sum_Madd_cy<6>)
     MUXCY:CI->O           1   0.023   0.000  main_alu/Madd_sum_Madd_cy<7> (main_alu/Madd_sum_Madd_cy<7>)
     MUXCY:CI->O           1   0.023   0.000  main_alu/Madd_sum_Madd_cy<8> (main_alu/Madd_sum_Madd_cy<8>)
     MUXCY:CI->O           1   0.023   0.000  main_alu/Madd_sum_Madd_cy<9> (main_alu/Madd_sum_Madd_cy<9>)
     MUXCY:CI->O           1   0.023   0.000  main_alu/Madd_sum_Madd_cy<10> (main_alu/Madd_sum_Madd_cy<10>)
     MUXCY:CI->O           1   0.023   0.000  main_alu/Madd_sum_Madd_cy<11> (main_alu/Madd_sum_Madd_cy<11>)
     MUXCY:CI->O           1   0.023   0.000  main_alu/Madd_sum_Madd_cy<12> (main_alu/Madd_sum_Madd_cy<12>)
     MUXCY:CI->O           1   0.023   0.000  main_alu/Madd_sum_Madd_cy<13> (main_alu/Madd_sum_Madd_cy<13>)
     MUXCY:CI->O           1   0.023   0.000  main_alu/Madd_sum_Madd_cy<14> (main_alu/Madd_sum_Madd_cy<14>)
     MUXCY:CI->O           1   0.023   0.000  main_alu/Madd_sum_Madd_cy<15> (main_alu/Madd_sum_Madd_cy<15>)
     MUXCY:CI->O           1   0.023   0.000  main_alu/Madd_sum_Madd_cy<16> (main_alu/Madd_sum_Madd_cy<16>)
     MUXCY:CI->O           1   0.023   0.000  main_alu/Madd_sum_Madd_cy<17> (main_alu/Madd_sum_Madd_cy<17>)
     MUXCY:CI->O           1   0.023   0.000  main_alu/Madd_sum_Madd_cy<18> (main_alu/Madd_sum_Madd_cy<18>)
     MUXCY:CI->O           1   0.023   0.000  main_alu/Madd_sum_Madd_cy<19> (main_alu/Madd_sum_Madd_cy<19>)
     MUXCY:CI->O           1   0.023   0.000  main_alu/Madd_sum_Madd_cy<20> (main_alu/Madd_sum_Madd_cy<20>)
     MUXCY:CI->O           1   0.023   0.000  main_alu/Madd_sum_Madd_cy<21> (main_alu/Madd_sum_Madd_cy<21>)
     MUXCY:CI->O           1   0.023   0.000  main_alu/Madd_sum_Madd_cy<22> (main_alu/Madd_sum_Madd_cy<22>)
     MUXCY:CI->O           1   0.023   0.000  main_alu/Madd_sum_Madd_cy<23> (main_alu/Madd_sum_Madd_cy<23>)
     MUXCY:CI->O           1   0.023   0.000  main_alu/Madd_sum_Madd_cy<24> (main_alu/Madd_sum_Madd_cy<24>)
     MUXCY:CI->O           1   0.023   0.000  main_alu/Madd_sum_Madd_cy<25> (main_alu/Madd_sum_Madd_cy<25>)
     MUXCY:CI->O           1   0.023   0.000  main_alu/Madd_sum_Madd_cy<26> (main_alu/Madd_sum_Madd_cy<26>)
     MUXCY:CI->O           1   0.023   0.000  main_alu/Madd_sum_Madd_cy<27> (main_alu/Madd_sum_Madd_cy<27>)
     MUXCY:CI->O           1   0.023   0.000  main_alu/Madd_sum_Madd_cy<28> (main_alu/Madd_sum_Madd_cy<28>)
     MUXCY:CI->O           1   0.023   0.000  main_alu/Madd_sum_Madd_cy<29> (main_alu/Madd_sum_Madd_cy<29>)
     MUXCY:CI->O           0   0.023   0.000  main_alu/Madd_sum_Madd_cy<30> (main_alu/Madd_sum_Madd_cy<30>)
     XORCY:CI->O           4   0.370   0.372  main_alu/Madd_sum_Madd_xor<31> (main_alu/sum<31>)
     LUT6:I5->O           31   0.097   0.469  memtoreg_mux/Mmux_Y251 (writedata_31_OBUF)
     OBUF:I->O                 0.000          writedata_31_OBUF (writedata<31>)
    ----------------------------------------
    Total                      5.047ns (1.899ns logic, 3.148ns route)
                                       (37.6% logic, 62.4% route)

=========================================================================

Cross Clock Domains Report:
--------------------------

Clock to Setup on destination clock clk
---------------+---------+---------+---------+---------+
               | Src:Rise| Src:Fall| Src:Rise| Src:Fall|
Source Clock   |Dest:Rise|Dest:Rise|Dest:Fall|Dest:Fall|
---------------+---------+---------+---------+---------+
clk            |    4.643|         |         |         |
---------------+---------+---------+---------+---------+

=========================================================================


Total REAL time to Xst completion: 36.00 secs
Total CPU time to Xst completion: 35.61 secs
 
--> 

Total memory usage is 5032784 kilobytes

Number of errors   :    0 (   0 filtered)
Number of warnings :   10 (   0 filtered)
Number of infos    :    1 (   0 filtered)

