Release 14.5 - xst P.58f (nt64)
Copyright (c) 1995-2012 Xilinx, Inc.  All rights reserved.
--> Parameter TMPDIR set to xst/projnav.tmp


Total REAL time to Xst completion: 0.00 secs
Total CPU time to Xst completion: 0.25 secs
 
--> Parameter xsthdpdir set to xst


Total REAL time to Xst completion: 0.00 secs
Total CPU time to Xst completion: 0.25 secs
 
--> Reading design: mips.prj

TABLE OF CONTENTS
  1) Synthesis Options Summary
  2) HDL Parsing
  3) HDL Elaboration
  4) HDL Synthesis
       4.1) HDL Synthesis Report
  5) Advanced HDL Synthesis
       5.1) Advanced HDL Synthesis Report
  6) Low Level Synthesis
  7) Partition Report
  8) Design Summary
       8.1) Primitive and Black Box Usage
       8.2) Device utilization summary
       8.3) Partition Resource Summary
       8.4) Timing Report
            8.4.1) Clock Information
            8.4.2) Asynchronous Control Signals Information
            8.4.3) Timing Summary
            8.4.4) Timing Details
            8.4.5) Cross Clock Domains Report


=========================================================================
*                      Synthesis Options Summary                        *
=========================================================================
---- Source Parameters
Input File Name                    : "mips.prj"
Ignore Synthesis Constraint File   : NO

---- Target Parameters
Output File Name                   : "mips"
Output Format                      : NGC
Target Device                      : xa7a100t-2I-csg324

---- Source Options
Top Module Name                    : mips
Automatic FSM Extraction           : YES
FSM Encoding Algorithm             : Auto
Safe Implementation                : No
FSM Style                          : LUT
RAM Extraction                     : Yes
RAM Style                          : Auto
ROM Extraction                     : Yes
Shift Register Extraction          : YES
ROM Style                          : Auto
Resource Sharing                   : YES
Asynchronous To Synchronous        : NO
Shift Register Minimum Size        : 2
Use DSP Block                      : Auto
Automatic Register Balancing       : No

---- Target Options
LUT Combining                      : Auto
Reduce Control Sets                : Auto
Add IO Buffers                     : YES
Global Maximum Fanout              : 100000
Add Generic Clock Buffer(BUFG)     : 32
Register Duplication               : YES
Optimize Instantiated Primitives   : NO
Use Clock Enable                   : Auto
Use Synchronous Set                : Auto
Use Synchronous Reset              : Auto
Pack IO Registers into IOBs        : Auto
Equivalent register Removal        : YES

---- General Options
Optimization Goal                  : Speed
Optimization Effort                : 1
Power Reduction                    : NO
Keep Hierarchy                     : No
Netlist Hierarchy                  : As_Optimized
RTL Output                         : Yes
Global Optimization                : AllClockNets
Read Cores                         : YES
Write Timing Constraints           : NO
Cross Clock Analysis               : NO
Hierarchy Separator                : /
Bus Delimiter                      : <>
Case Specifier                     : Maintain
Slice Utilization Ratio            : 100
BRAM Utilization Ratio             : 100
DSP48 Utilization Ratio            : 100
Auto BRAM Packing                  : NO
Slice Utilization Ratio Delta      : 5

=========================================================================


=========================================================================
*                          HDL Parsing                                  *
=========================================================================
Parsing VHDL file "C:\CO_project_phase2_v2\RegisterZeroEntity.vhd" into library work
Parsing entity <RegisterZeroEntity>.
Parsing architecture <Behavioral> of entity <registerzeroentity>.
Parsing VHDL file "C:\CO_project_phase2_v2\RegisterEntity.vhd" into library work
Parsing entity <RegisterEntity>.
Parsing architecture <Behavioral> of entity <registerentity>.
Parsing VHDL file "C:\CO_project_phase2_v2\General_Mux.vhd" into library work
Parsing entity <General_Mux>.
Parsing architecture <Behavioral> of entity <general_mux>.
Parsing VHDL file "C:\CO_project_phase2_v2\demux.vhd" into library work
Parsing entity <demux>.
Parsing architecture <Behavioral> of entity <demux>.
Parsing VHDL file "C:\CO_project_phase2_v2\sl2.vhd" into library work
Parsing entity <sl2>.
Parsing architecture <myarch> of entity <sl2>.
Parsing VHDL file "C:\CO_project_phase2_v2\signext.vhd" into library work
Parsing entity <signext>.
Parsing architecture <beave> of entity <signext>.
Parsing VHDL file "C:\CO_project_phase2_v2\Register_File.vhd" into library work
Parsing entity <Register_File>.
Parsing architecture <Behavioral> of entity <register_file>.
Parsing VHDL file "C:\CO_project_phase2_v2\Mux2_5bits.vhd" into library work
Parsing entity <Mux2_5bits>.
Parsing architecture <MuxArch> of entity <mux2_5bits>.
Parsing VHDL file "C:\CO_project_phase2_v2\Mux2.vhd" into library work
Parsing entity <Mux2>.
Parsing architecture <MuxArch> of entity <mux2>.
Parsing VHDL file "C:\CO_project_phase2_v2\maindec.vhd" into library work
Parsing entity <maindec>.
Parsing architecture <maindecLogic> of entity <maindec>.
Parsing VHDL file "C:\CO_project_phase2_v2\flopr.vhd" into library work
Parsing entity <flopr>.
INFO:HDLCompiler:1676 - "C:\CO_project_phase2_v2\flopr.vhd" Line 30. declaration of a buffer port will make it difficult for you to validate this design by simulation. It is preferable to declare it as output
Parsing architecture <Behavioral> of entity <flopr>.
Parsing VHDL file "C:\CO_project_phase2_v2\data_path_package.vhd" into library work
Parsing package <data_path_package>.
INFO:HDLCompiler:1676 - "C:\CO_project_phase2_v2\data_path_package.vhd" Line 60. declaration of a buffer port will make it difficult for you to validate this design by simulation. It is preferable to declare it as output
Parsing VHDL file "C:\CO_project_phase2_v2\controller_package.vhd" into library work
Parsing package <controller_package>.
Parsing VHDL file "C:\CO_project_phase2_v2\aludec.vhd" into library work
Parsing entity <aludec>.
Parsing architecture <behave> of entity <aludec>.
Parsing VHDL file "C:\CO_project_phase2_v2\alu.vhd" into library work
Parsing entity <alu>.
Parsing architecture <Behavioral> of entity <alu>.
Parsing VHDL file "C:\CO_project_phase2_v2\adder.vhd" into library work
Parsing entity <adder>.
Parsing architecture <Behavioral> of entity <adder>.
Parsing VHDL file "C:\CO_project_phase2_v2\mips_package.vhd" into library work
Parsing package <mips_package>.
INFO:HDLCompiler:1676 - "C:\CO_project_phase2_v2\mips_package.vhd" Line 36. declaration of a buffer port will make it difficult for you to validate this design by simulation. It is preferable to declare it as output
INFO:HDLCompiler:1676 - "C:\CO_project_phase2_v2\mips_package.vhd" Line 38. declaration of a buffer port will make it difficult for you to validate this design by simulation. It is preferable to declare it as output
INFO:HDLCompiler:1676 - "C:\CO_project_phase2_v2\mips_package.vhd" Line 39. declaration of a buffer port will make it difficult for you to validate this design by simulation. It is preferable to declare it as output
Parsing VHDL file "C:\CO_project_phase2_v2\data_path.vhd" into library work
Parsing entity <datapath>.
INFO:HDLCompiler:1676 - "C:\CO_project_phase2_v2\data_path.vhd" Line 33. declaration of a buffer port will make it difficult for you to validate this design by simulation. It is preferable to declare it as output
INFO:HDLCompiler:1676 - "C:\CO_project_phase2_v2\data_path.vhd" Line 35. declaration of a buffer port will make it difficult for you to validate this design by simulation. It is preferable to declare it as output
INFO:HDLCompiler:1676 - "C:\CO_project_phase2_v2\data_path.vhd" Line 36. declaration of a buffer port will make it difficult for you to validate this design by simulation. It is preferable to declare it as output
Parsing architecture <Behavioral> of entity <datapath>.
Parsing VHDL file "C:\CO_project_phase2_v2\controller.vhd" into library work
Parsing entity <controller>.
Parsing architecture <Behavioral> of entity <controller>.
Parsing VHDL file "C:\CO_project_phase2_v2\mips.vhd" into library work
Parsing entity <mips>.
INFO:HDLCompiler:1676 - "C:\CO_project_phase2_v2\mips.vhd" Line 35. declaration of a buffer port will make it difficult for you to validate this design by simulation. It is preferable to declare it as output
INFO:HDLCompiler:1676 - "C:\CO_project_phase2_v2\mips.vhd" Line 38. declaration of a buffer port will make it difficult for you to validate this design by simulation. It is preferable to declare it as output
Parsing architecture <Behavioral> of entity <mips>.

=========================================================================
*                            HDL Elaboration                            *
=========================================================================

Elaborating entity <mips> (architecture <Behavioral>) from library <work>.

Elaborating entity <datapath> (architecture <Behavioral>) from library <work>.

Elaborating entity <flopr> (architecture <Behavioral>) with generics from library <work>.

Elaborating entity <adder> (architecture <Behavioral>) from library <work>.

Elaborating entity <sl2> (architecture <myarch>) from library <work>.

Elaborating entity <Mux2> (architecture <MuxArch>) with generics from library <work>.

Elaborating entity <Mux2_5bits> (architecture <MuxArch>) with generics from library <work>.

Elaborating entity <Register_File> (architecture <Behavioral>) from library <work>.

Elaborating entity <demux> (architecture <Behavioral>) from library <work>.

Elaborating entity <RegisterZeroEntity> (architecture <Behavioral>) from library <work>.

Elaborating entity <RegisterEntity> (architecture <Behavioral>) from library <work>.

Elaborating entity <General_Mux> (architecture <Behavioral>) with generics from library <work>.

Elaborating entity <signext> (architecture <beave>) from library <work>.

Elaborating entity <alu> (architecture <Behavioral>) from library <work>.

Elaborating entity <controller> (architecture <Behavioral>) from library <work>.

Elaborating entity <maindec> (architecture <maindecLogic>) from library <work>.

Elaborating entity <aludec> (architecture <behave>) from library <work>.

=========================================================================
*                           HDL Synthesis                               *
=========================================================================

Synthesizing Unit <mips>.
    Related source file is "C:\CO_project_phase2_v2\mips.vhd".
    Summary:
	no macro.
Unit <mips> synthesized.

Synthesizing Unit <datapath>.
    Related source file is "C:\CO_project_phase2_v2\data_path.vhd".
WARNING:Xst:647 - Input <instr<31:26>> is never used. This port will be preserved and left unconnected if it belongs to a top-level block or it belongs to a sub-block and the hierarchy of this sub-block is preserved.
    Summary:
	no macro.
Unit <datapath> synthesized.

Synthesizing Unit <flopr>.
    Related source file is "C:\CO_project_phase2_v2\flopr.vhd".
        n = 32
    Found 32-bit register for signal <q>.
    Summary:
	inferred  32 D-type flip-flop(s).
Unit <flopr> synthesized.

Synthesizing Unit <adder>.
    Related source file is "C:\CO_project_phase2_v2\adder.vhd".
    Found 33-bit adder for signal <result> created at line 35.
    Summary:
	inferred   1 Adder/Subtractor(s).
Unit <adder> synthesized.

Synthesizing Unit <sl2>.
    Related source file is "C:\CO_project_phase2_v2\sl2.vhd".
WARNING:Xst:647 - Input <a<31:30>> is never used. This port will be preserved and left unconnected if it belongs to a top-level block or it belongs to a sub-block and the hierarchy of this sub-block is preserved.
    Summary:
	no macro.
Unit <sl2> synthesized.

Synthesizing Unit <Mux2>.
    Related source file is "C:\CO_project_phase2_v2\Mux2.vhd".
        n = 32
    Summary:
	inferred   1 Multiplexer(s).
Unit <Mux2> synthesized.

Synthesizing Unit <Mux2_5bits>.
    Related source file is "C:\CO_project_phase2_v2\Mux2_5bits.vhd".
        n = 5
    Summary:
	inferred   1 Multiplexer(s).
Unit <Mux2_5bits> synthesized.

Synthesizing Unit <Register_File>.
    Related source file is "C:\CO_project_phase2_v2\Register_File.vhd".
    Summary:
	no macro.
Unit <Register_File> synthesized.

Synthesizing Unit <demux>.
    Related source file is "C:\CO_project_phase2_v2\demux.vhd".
    Summary:
	inferred   1 Multiplexer(s).
Unit <demux> synthesized.

Synthesizing Unit <RegisterZeroEntity>.
    Related source file is "C:\CO_project_phase2_v2\RegisterZeroEntity.vhd".
WARNING:Xst:647 - Input <written_data> is never used. This port will be preserved and left unconnected if it belongs to a top-level block or it belongs to a sub-block and the hierarchy of this sub-block is preserved.
WARNING:Xst:647 - Input <write_enable> is never used. This port will be preserved and left unconnected if it belongs to a top-level block or it belongs to a sub-block and the hierarchy of this sub-block is preserved.
WARNING:Xst:647 - Input <clk> is never used. This port will be preserved and left unconnected if it belongs to a top-level block or it belongs to a sub-block and the hierarchy of this sub-block is preserved.
WARNING:Xst:647 - Input <reset> is never used. This port will be preserved and left unconnected if it belongs to a top-level block or it belongs to a sub-block and the hierarchy of this sub-block is preserved.
    Summary:
	no macro.
Unit <RegisterZeroEntity> synthesized.

Synthesizing Unit <RegisterEntity>.
    Related source file is "C:\CO_project_phase2_v2\RegisterEntity.vhd".
    Found 32-bit register for signal <reg_data>.
    Summary:
	inferred  32 D-type flip-flop(s).
Unit <RegisterEntity> synthesized.

Synthesizing Unit <General_Mux>.
    Related source file is "C:\CO_project_phase2_v2\General_Mux.vhd".
        BITS = 32
    Found 32-bit 32-to-1 multiplexer for signal <output> created at line 26.
    Summary:
	inferred   1 Multiplexer(s).
Unit <General_Mux> synthesized.

Synthesizing Unit <signext>.
    Related source file is "C:\CO_project_phase2_v2\signext.vhd".
    Summary:
	no macro.
Unit <signext> synthesized.

Synthesizing Unit <alu>.
    Related source file is "C:\CO_project_phase2_v2\alu.vhd".
    Found 32-bit adder for signal <n0041> created at line 44.
    Found 32-bit adder for signal <sum> created at line 44.
    Found 32-bit 4-to-1 multiplexer for signal <tmp> created at line 36.
    Summary:
	inferred   2 Adder/Subtractor(s).
	inferred   3 Multiplexer(s).
Unit <alu> synthesized.

Synthesizing Unit <controller>.
    Related source file is "C:\CO_project_phase2_v2\controller.vhd".
    Summary:
	no macro.
Unit <controller> synthesized.

Synthesizing Unit <maindec>.
    Related source file is "C:\CO_project_phase2_v2\maindec.vhd".
    Summary:
	no macro.
Unit <maindec> synthesized.

Synthesizing Unit <aludec>.
    Related source file is "C:\CO_project_phase2_v2\aludec.vhd".
    Summary:
	no macro.
Unit <aludec> synthesized.

=========================================================================
HDL Synthesis Report

Macro Statistics
# Adders/Subtractors                                   : 4
 32-bit adder                                          : 2
 33-bit adder                                          : 2
# Registers                                            : 32
 32-bit register                                       : 32
# Multiplexers                                         : 11
 32-bit 2-to-1 multiplexer                             : 7
 32-bit 32-to-1 multiplexer                            : 2
 32-bit 4-to-1 multiplexer                             : 1
 5-bit 2-to-1 multiplexer                              : 1

=========================================================================

=========================================================================
*                       Advanced HDL Synthesis                          *
=========================================================================

WARNING:Xst - The specified part-type was not generated at build time. XST is loading the full part-type and will therefore consume more CPU and memory.
Loading device for application Rf_Device from file '7a100t.nph' in environment C:\Xilinx\14.5\ISE_DS\ISE\.
Loading device for application Rf_Device from file '7a100t.nph' in environment C:\Xilinx\14.5\ISE_DS\ISE\.

=========================================================================
Advanced HDL Synthesis Report

Macro Statistics
# Adders/Subtractors                                   : 3
 32-bit adder                                          : 2
 32-bit adder carry in                                 : 1
# Registers                                            : 1024
 Flip-Flops                                            : 1024
# Multiplexers                                         : 11
 32-bit 2-to-1 multiplexer                             : 7
 32-bit 32-to-1 multiplexer                            : 2
 32-bit 4-to-1 multiplexer                             : 1
 5-bit 2-to-1 multiplexer                              : 1

=========================================================================

=========================================================================
*                         Low Level Synthesis                           *
=========================================================================
WARNING:Xst:1989 - Unit <Register_File>: instances <register1>, <register2> of unit <RegisterEntity> are equivalent, second instance is removed

Optimizing unit <flopr> ...

Optimizing unit <mips> ...

Optimizing unit <datapath> ...

Optimizing unit <alu> ...

Optimizing unit <Register_File> ...
WARNING:Xst:1710 - FF/Latch <datapath_instance/pcreg/q_1> (without init value) has a constant value of 0 in block <mips>. This FF/Latch will be trimmed during the optimization process.
WARNING:Xst:1895 - Due to other FF/Latch trimming, FF/Latch <datapath_instance/pcreg/q_0> (without init value) has a constant value of 0 in block <mips>. This FF/Latch will be trimmed during the optimization process.

Mapping all equations...
Building and optimizing final netlist ...
Found area constraint ratio of 100 (+ 5) on block mips, actual ratio is 2.

Final Macro Processing ...

=========================================================================
Final Register Report

Macro Statistics
# Registers                                            : 990
 Flip-Flops                                            : 990

=========================================================================

=========================================================================
*                           Partition Report                            *
=========================================================================

Partition Implementation Status
-------------------------------

  No Partitions were found in this design.

-------------------------------

=========================================================================
*                            Design Summary                             *
=========================================================================

Top Level Output File Name         : mips.ngc

Primitive and Black Box Usage:
------------------------------
# BELS                             : 1177
#      GND                         : 1
#      INV                         : 1
#      LUT1                        : 29
#      LUT2                        : 30
#      LUT3                        : 38
#      LUT4                        : 105
#      LUT5                        : 93
#      LUT6                        : 627
#      MUXCY                       : 96
#      MUXF7                       : 64
#      VCC                         : 1
#      XORCY                       : 92
# FlipFlops/Latches                : 990
#      FDC                         : 30
#      FDCE                        : 960
# Clock Buffers                    : 1
#      BUFGP                       : 1
# IO Buffers                       : 162
#      IBUF                        : 65
#      OBUF                        : 97

Device utilization summary:
---------------------------

Selected Device : xa7a100tcsg324-2i 


Slice Logic Utilization: 
 Number of Slice Registers:             990  out of  126800     0%  
 Number of Slice LUTs:                  923  out of  63400     1%  
    Number used as Logic:               923  out of  63400     1%  

Slice Logic Distribution: 
 Number of LUT Flip Flop pairs used:   1830
   Number with an unused Flip Flop:     840  out of   1830    45%  
   Number with an unused LUT:           907  out of   1830    49%  
   Number of fully used LUT-FF pairs:    83  out of   1830     4%  
   Number of unique control sets:        31

IO Utilization: 
 Number of IOs:                         163
 Number of bonded IOBs:                 163  out of    210    77%  

Specific Feature Utilization:
 Number of BUFG/BUFGCTRL/BUFHCEs:         1  out of    128     0%  

---------------------------
Partition Resource Summary:
---------------------------

  No Partitions were found in this design.

---------------------------


=========================================================================
Timing Report

NOTE: THESE TIMING NUMBERS ARE ONLY A SYNTHESIS ESTIMATE.
      FOR ACCURATE TIMING INFORMATION PLEASE REFER TO THE TRACE REPORT
      GENERATED AFTER PLACE-and-ROUTE.

Clock Information:
------------------
-----------------------------------+------------------------+-------+
Clock Signal                       | Clock buffer(FF name)  | Load  |
-----------------------------------+------------------------+-------+
clk                                | BUFGP                  | 990   |
-----------------------------------+------------------------+-------+

Asynchronous Control Signals Information:
----------------------------------------
No asynchronous control signals found in this design

Timing Summary:
---------------
Speed Grade: -2

   Minimum period: 6.387ns (Maximum Frequency: 156.561MHz)
   Minimum input arrival time before clock: 6.331ns
   Maximum output required time after clock: 4.841ns
   Maximum combinational path delay: 4.784ns

Timing Details:
---------------
All values displayed in nanoseconds (ns)

=========================================================================
Timing constraint: Default period analysis for Clock 'clk'
  Clock period: 6.387ns (frequency: 156.561MHz)
  Total number of paths / destination ports: 3112220 / 990
-------------------------------------------------------------------------
Delay:               6.387ns (Levels of Logic = 35)
  Source:            datapath_instance/rf_instance/register26/reg_data_0 (FF)
  Destination:       datapath_instance/pcreg/q_31 (FF)
  Source Clock:      clk rising
  Destination Clock: clk rising

  Data Path: datapath_instance/rf_instance/register26/reg_data_0 to datapath_instance/pcreg/q_31
                                Gate     Net
    Cell:in->out      fanout   Delay   Delay  Logical Name (Net Name)
    ----------------------------------------  ------------
     FDCE:C->Q             2   0.361   0.621  datapath_instance/rf_instance/register26/reg_data_0 (datapath_instance/rf_instance/register26/reg_data_0)
     LUT6:I2->O            1   0.097   0.616  datapath_instance/rf_instance/read_data_mux1/Mmux_output_81 (datapath_instance/rf_instance/read_data_mux1/Mmux_output_81)
     LUT6:I2->O            1   0.097   0.000  datapath_instance/rf_instance/read_data_mux1/Mmux_output_3 (datapath_instance/rf_instance/read_data_mux1/Mmux_output_3)
     MUXF7:I1->O           2   0.279   0.444  datapath_instance/rf_instance/read_data_mux1/Mmux_output_2_f7 (datapath_instance/alu_data1_out<0>)
     LUT5:I3->O            1   0.097   0.000  datapath_instance/main_alu/Madd_sum_Madd_lut<0> (datapath_instance/main_alu/Madd_sum_Madd_lut<0>)
     MUXCY:S->O            1   0.353   0.000  datapath_instance/main_alu/Madd_sum_Madd_cy<0> (datapath_instance/main_alu/Madd_sum_Madd_cy<0>)
     MUXCY:CI->O           1   0.023   0.000  datapath_instance/main_alu/Madd_sum_Madd_cy<1> (datapath_instance/main_alu/Madd_sum_Madd_cy<1>)
     MUXCY:CI->O           1   0.023   0.000  datapath_instance/main_alu/Madd_sum_Madd_cy<2> (datapath_instance/main_alu/Madd_sum_Madd_cy<2>)
     MUXCY:CI->O           1   0.023   0.000  datapath_instance/main_alu/Madd_sum_Madd_cy<3> (datapath_instance/main_alu/Madd_sum_Madd_cy<3>)
     MUXCY:CI->O           1   0.023   0.000  datapath_instance/main_alu/Madd_sum_Madd_cy<4> (datapath_instance/main_alu/Madd_sum_Madd_cy<4>)
     MUXCY:CI->O           1   0.023   0.000  datapath_instance/main_alu/Madd_sum_Madd_cy<5> (datapath_instance/main_alu/Madd_sum_Madd_cy<5>)
     MUXCY:CI->O           1   0.023   0.000  datapath_instance/main_alu/Madd_sum_Madd_cy<6> (datapath_instance/main_alu/Madd_sum_Madd_cy<6>)
     MUXCY:CI->O           1   0.023   0.000  datapath_instance/main_alu/Madd_sum_Madd_cy<7> (datapath_instance/main_alu/Madd_sum_Madd_cy<7>)
     MUXCY:CI->O           1   0.023   0.000  datapath_instance/main_alu/Madd_sum_Madd_cy<8> (datapath_instance/main_alu/Madd_sum_Madd_cy<8>)
     MUXCY:CI->O           1   0.023   0.000  datapath_instance/main_alu/Madd_sum_Madd_cy<9> (datapath_instance/main_alu/Madd_sum_Madd_cy<9>)
     MUXCY:CI->O           1   0.023   0.000  datapath_instance/main_alu/Madd_sum_Madd_cy<10> (datapath_instance/main_alu/Madd_sum_Madd_cy<10>)
     MUXCY:CI->O           1   0.023   0.000  datapath_instance/main_alu/Madd_sum_Madd_cy<11> (datapath_instance/main_alu/Madd_sum_Madd_cy<11>)
     MUXCY:CI->O           1   0.023   0.000  datapath_instance/main_alu/Madd_sum_Madd_cy<12> (datapath_instance/main_alu/Madd_sum_Madd_cy<12>)
     MUXCY:CI->O           1   0.023   0.000  datapath_instance/main_alu/Madd_sum_Madd_cy<13> (datapath_instance/main_alu/Madd_sum_Madd_cy<13>)
     MUXCY:CI->O           1   0.023   0.000  datapath_instance/main_alu/Madd_sum_Madd_cy<14> (datapath_instance/main_alu/Madd_sum_Madd_cy<14>)
     MUXCY:CI->O           1   0.023   0.000  datapath_instance/main_alu/Madd_sum_Madd_cy<15> (datapath_instance/main_alu/Madd_sum_Madd_cy<15>)
     MUXCY:CI->O           1   0.023   0.000  datapath_instance/main_alu/Madd_sum_Madd_cy<16> (datapath_instance/main_alu/Madd_sum_Madd_cy<16>)
     MUXCY:CI->O           1   0.023   0.000  datapath_instance/main_alu/Madd_sum_Madd_cy<17> (datapath_instance/main_alu/Madd_sum_Madd_cy<17>)
     MUXCY:CI->O           1   0.023   0.000  datapath_instance/main_alu/Madd_sum_Madd_cy<18> (datapath_instance/main_alu/Madd_sum_Madd_cy<18>)
     MUXCY:CI->O           1   0.023   0.000  datapath_instance/main_alu/Madd_sum_Madd_cy<19> (datapath_instance/main_alu/Madd_sum_Madd_cy<19>)
     MUXCY:CI->O           1   0.023   0.000  datapath_instance/main_alu/Madd_sum_Madd_cy<20> (datapath_instance/main_alu/Madd_sum_Madd_cy<20>)
     XORCY:CI->O           1   0.370   0.355  datapath_instance/main_alu/Madd_sum_Madd_xor<21> (datapath_instance/main_alu/sum<21>)
     LUT5:I4->O            3   0.097   0.755  datapath_instance/main_alu/Mmux_tmp141 (aluout_21_OBUF)
     LUT6:I1->O            1   0.097   0.000  controller_instance/pcsrc_wg_lut<1> (controller_instance/pcsrc_wg_lut<1>)
     MUXCY:S->O            1   0.353   0.000  controller_instance/pcsrc_wg_cy<1> (controller_instance/pcsrc_wg_cy<1>)
     MUXCY:CI->O           1   0.023   0.000  controller_instance/pcsrc_wg_cy<2> (controller_instance/pcsrc_wg_cy<2>)
     MUXCY:CI->O           1   0.023   0.000  controller_instance/pcsrc_wg_cy<3> (controller_instance/pcsrc_wg_cy<3>)
     MUXCY:CI->O           1   0.023   0.000  controller_instance/pcsrc_wg_cy<4> (controller_instance/pcsrc_wg_cy<4>)
     MUXCY:CI->O           1   0.023   0.000  controller_instance/pcsrc_wg_cy<5> (controller_instance/pcsrc_wg_cy<5>)
     MUXCY:CI->O          30   0.253   0.484  controller_instance/pcsrc_wg_cy<6> (pcsrc)
     LUT4:I3->O            1   0.097   0.000  datapath_instance/pcnext<28>1 (datapath_instance/pcnext<28>)
     FDC:D                     0.008          datapath_instance/pcreg/q_28
    ----------------------------------------
    Total                      6.387ns (3.111ns logic, 3.276ns route)
                                       (48.7% logic, 51.3% route)

=========================================================================
Timing constraint: Default OFFSET IN BEFORE for Clock 'clk'
  Total number of paths / destination ports: 2938091 / 2940
-------------------------------------------------------------------------
Offset:              6.331ns (Levels of Logic = 36)
  Source:            instr<22> (PAD)
  Destination:       datapath_instance/pcreg/q_31 (FF)
  Destination Clock: clk rising

  Data Path: instr<22> to datapath_instance/pcreg/q_31
                                Gate     Net
    Cell:in->out      fanout   Delay   Delay  Logical Name (Net Name)
    ----------------------------------------  ------------
     IBUF:I->O           257   0.001   0.925  instr_22_IBUF (instr_22_IBUF)
     LUT6:I0->O            1   0.097   0.616  datapath_instance/rf_instance/read_data_mux1/Mmux_output_81 (datapath_instance/rf_instance/read_data_mux1/Mmux_output_81)
     LUT6:I2->O            1   0.097   0.000  datapath_instance/rf_instance/read_data_mux1/Mmux_output_3 (datapath_instance/rf_instance/read_data_mux1/Mmux_output_3)
     MUXF7:I1->O           2   0.279   0.444  datapath_instance/rf_instance/read_data_mux1/Mmux_output_2_f7 (datapath_instance/alu_data1_out<0>)
     LUT5:I3->O            1   0.097   0.000  datapath_instance/main_alu/Madd_sum_Madd_lut<0> (datapath_instance/main_alu/Madd_sum_Madd_lut<0>)
     MUXCY:S->O            1   0.353   0.000  datapath_instance/main_alu/Madd_sum_Madd_cy<0> (datapath_instance/main_alu/Madd_sum_Madd_cy<0>)
     MUXCY:CI->O           1   0.023   0.000  datapath_instance/main_alu/Madd_sum_Madd_cy<1> (datapath_instance/main_alu/Madd_sum_Madd_cy<1>)
     MUXCY:CI->O           1   0.023   0.000  datapath_instance/main_alu/Madd_sum_Madd_cy<2> (datapath_instance/main_alu/Madd_sum_Madd_cy<2>)
     MUXCY:CI->O           1   0.023   0.000  datapath_instance/main_alu/Madd_sum_Madd_cy<3> (datapath_instance/main_alu/Madd_sum_Madd_cy<3>)
     MUXCY:CI->O           1   0.023   0.000  datapath_instance/main_alu/Madd_sum_Madd_cy<4> (datapath_instance/main_alu/Madd_sum_Madd_cy<4>)
     MUXCY:CI->O           1   0.023   0.000  datapath_instance/main_alu/Madd_sum_Madd_cy<5> (datapath_instance/main_alu/Madd_sum_Madd_cy<5>)
     MUXCY:CI->O           1   0.023   0.000  datapath_instance/main_alu/Madd_sum_Madd_cy<6> (datapath_instance/main_alu/Madd_sum_Madd_cy<6>)
     MUXCY:CI->O           1   0.023   0.000  datapath_instance/main_alu/Madd_sum_Madd_cy<7> (datapath_instance/main_alu/Madd_sum_Madd_cy<7>)
     MUXCY:CI->O           1   0.023   0.000  datapath_instance/main_alu/Madd_sum_Madd_cy<8> (datapath_instance/main_alu/Madd_sum_Madd_cy<8>)
     MUXCY:CI->O           1   0.023   0.000  datapath_instance/main_alu/Madd_sum_Madd_cy<9> (datapath_instance/main_alu/Madd_sum_Madd_cy<9>)
     MUXCY:CI->O           1   0.023   0.000  datapath_instance/main_alu/Madd_sum_Madd_cy<10> (datapath_instance/main_alu/Madd_sum_Madd_cy<10>)
     MUXCY:CI->O           1   0.023   0.000  datapath_instance/main_alu/Madd_sum_Madd_cy<11> (datapath_instance/main_alu/Madd_sum_Madd_cy<11>)
     MUXCY:CI->O           1   0.023   0.000  datapath_instance/main_alu/Madd_sum_Madd_cy<12> (datapath_instance/main_alu/Madd_sum_Madd_cy<12>)
     MUXCY:CI->O           1   0.023   0.000  datapath_instance/main_alu/Madd_sum_Madd_cy<13> (datapath_instance/main_alu/Madd_sum_Madd_cy<13>)
     MUXCY:CI->O           1   0.023   0.000  datapath_instance/main_alu/Madd_sum_Madd_cy<14> (datapath_instance/main_alu/Madd_sum_Madd_cy<14>)
     MUXCY:CI->O           1   0.023   0.000  datapath_instance/main_alu/Madd_sum_Madd_cy<15> (datapath_instance/main_alu/Madd_sum_Madd_cy<15>)
     MUXCY:CI->O           1   0.023   0.000  datapath_instance/main_alu/Madd_sum_Madd_cy<16> (datapath_instance/main_alu/Madd_sum_Madd_cy<16>)
     MUXCY:CI->O           1   0.023   0.000  datapath_instance/main_alu/Madd_sum_Madd_cy<17> (datapath_instance/main_alu/Madd_sum_Madd_cy<17>)
     MUXCY:CI->O           1   0.023   0.000  datapath_instance/main_alu/Madd_sum_Madd_cy<18> (datapath_instance/main_alu/Madd_sum_Madd_cy<18>)
     MUXCY:CI->O           1   0.023   0.000  datapath_instance/main_alu/Madd_sum_Madd_cy<19> (datapath_instance/main_alu/Madd_sum_Madd_cy<19>)
     MUXCY:CI->O           1   0.023   0.000  datapath_instance/main_alu/Madd_sum_Madd_cy<20> (datapath_instance/main_alu/Madd_sum_Madd_cy<20>)
     XORCY:CI->O           1   0.370   0.355  datapath_instance/main_alu/Madd_sum_Madd_xor<21> (datapath_instance/main_alu/sum<21>)
     LUT5:I4->O            3   0.097   0.755  datapath_instance/main_alu/Mmux_tmp141 (aluout_21_OBUF)
     LUT6:I1->O            1   0.097   0.000  controller_instance/pcsrc_wg_lut<1> (controller_instance/pcsrc_wg_lut<1>)
     MUXCY:S->O            1   0.353   0.000  controller_instance/pcsrc_wg_cy<1> (controller_instance/pcsrc_wg_cy<1>)
     MUXCY:CI->O           1   0.023   0.000  controller_instance/pcsrc_wg_cy<2> (controller_instance/pcsrc_wg_cy<2>)
     MUXCY:CI->O           1   0.023   0.000  controller_instance/pcsrc_wg_cy<3> (controller_instance/pcsrc_wg_cy<3>)
     MUXCY:CI->O           1   0.023   0.000  controller_instance/pcsrc_wg_cy<4> (controller_instance/pcsrc_wg_cy<4>)
     MUXCY:CI->O           1   0.023   0.000  controller_instance/pcsrc_wg_cy<5> (controller_instance/pcsrc_wg_cy<5>)
     MUXCY:CI->O          30   0.253   0.484  controller_instance/pcsrc_wg_cy<6> (pcsrc)
     LUT4:I3->O            1   0.097   0.000  datapath_instance/pcnext<28>1 (datapath_instance/pcnext<28>)
     FDC:D                     0.008          datapath_instance/pcreg/q_28
    ----------------------------------------
    Total                      6.331ns (2.751ns logic, 3.580ns route)
                                       (43.5% logic, 56.5% route)

=========================================================================
Timing constraint: Default OFFSET OUT AFTER for Clock 'clk'
  Total number of paths / destination ports: 52320 / 94
-------------------------------------------------------------------------
Offset:              4.841ns (Levels of Logic = 38)
  Source:            datapath_instance/rf_instance/register26/reg_data_0 (FF)
  Destination:       aluout<0> (PAD)
  Source Clock:      clk rising

  Data Path: datapath_instance/rf_instance/register26/reg_data_0 to aluout<0>
                                Gate     Net
    Cell:in->out      fanout   Delay   Delay  Logical Name (Net Name)
    ----------------------------------------  ------------
     FDCE:C->Q             2   0.361   0.621  datapath_instance/rf_instance/register26/reg_data_0 (datapath_instance/rf_instance/register26/reg_data_0)
     LUT6:I2->O            1   0.097   0.616  datapath_instance/rf_instance/read_data_mux1/Mmux_output_81 (datapath_instance/rf_instance/read_data_mux1/Mmux_output_81)
     LUT6:I2->O            1   0.097   0.000  datapath_instance/rf_instance/read_data_mux1/Mmux_output_3 (datapath_instance/rf_instance/read_data_mux1/Mmux_output_3)
     MUXF7:I1->O           2   0.279   0.444  datapath_instance/rf_instance/read_data_mux1/Mmux_output_2_f7 (datapath_instance/alu_data1_out<0>)
     LUT5:I3->O            1   0.097   0.000  datapath_instance/main_alu/Madd_sum_Madd_lut<0> (datapath_instance/main_alu/Madd_sum_Madd_lut<0>)
     MUXCY:S->O            1   0.353   0.000  datapath_instance/main_alu/Madd_sum_Madd_cy<0> (datapath_instance/main_alu/Madd_sum_Madd_cy<0>)
     MUXCY:CI->O           1   0.023   0.000  datapath_instance/main_alu/Madd_sum_Madd_cy<1> (datapath_instance/main_alu/Madd_sum_Madd_cy<1>)
     MUXCY:CI->O           1   0.023   0.000  datapath_instance/main_alu/Madd_sum_Madd_cy<2> (datapath_instance/main_alu/Madd_sum_Madd_cy<2>)
     MUXCY:CI->O           1   0.023   0.000  datapath_instance/main_alu/Madd_sum_Madd_cy<3> (datapath_instance/main_alu/Madd_sum_Madd_cy<3>)
     MUXCY:CI->O           1   0.023   0.000  datapath_instance/main_alu/Madd_sum_Madd_cy<4> (datapath_instance/main_alu/Madd_sum_Madd_cy<4>)
     MUXCY:CI->O           1   0.023   0.000  datapath_instance/main_alu/Madd_sum_Madd_cy<5> (datapath_instance/main_alu/Madd_sum_Madd_cy<5>)
     MUXCY:CI->O           1   0.023   0.000  datapath_instance/main_alu/Madd_sum_Madd_cy<6> (datapath_instance/main_alu/Madd_sum_Madd_cy<6>)
     MUXCY:CI->O           1   0.023   0.000  datapath_instance/main_alu/Madd_sum_Madd_cy<7> (datapath_instance/main_alu/Madd_sum_Madd_cy<7>)
     MUXCY:CI->O           1   0.023   0.000  datapath_instance/main_alu/Madd_sum_Madd_cy<8> (datapath_instance/main_alu/Madd_sum_Madd_cy<8>)
     MUXCY:CI->O           1   0.023   0.000  datapath_instance/main_alu/Madd_sum_Madd_cy<9> (datapath_instance/main_alu/Madd_sum_Madd_cy<9>)
     MUXCY:CI->O           1   0.023   0.000  datapath_instance/main_alu/Madd_sum_Madd_cy<10> (datapath_instance/main_alu/Madd_sum_Madd_cy<10>)
     MUXCY:CI->O           1   0.023   0.000  datapath_instance/main_alu/Madd_sum_Madd_cy<11> (datapath_instance/main_alu/Madd_sum_Madd_cy<11>)
     MUXCY:CI->O           1   0.023   0.000  datapath_instance/main_alu/Madd_sum_Madd_cy<12> (datapath_instance/main_alu/Madd_sum_Madd_cy<12>)
     MUXCY:CI->O           1   0.023   0.000  datapath_instance/main_alu/Madd_sum_Madd_cy<13> (datapath_instance/main_alu/Madd_sum_Madd_cy<13>)
     MUXCY:CI->O           1   0.023   0.000  datapath_instance/main_alu/Madd_sum_Madd_cy<14> (datapath_instance/main_alu/Madd_sum_Madd_cy<14>)
     MUXCY:CI->O           1   0.023   0.000  datapath_instance/main_alu/Madd_sum_Madd_cy<15> (datapath_instance/main_alu/Madd_sum_Madd_cy<15>)
     MUXCY:CI->O           1   0.023   0.000  datapath_instance/main_alu/Madd_sum_Madd_cy<16> (datapath_instance/main_alu/Madd_sum_Madd_cy<16>)
     MUXCY:CI->O           1   0.023   0.000  datapath_instance/main_alu/Madd_sum_Madd_cy<17> (datapath_instance/main_alu/Madd_sum_Madd_cy<17>)
     MUXCY:CI->O           1   0.023   0.000  datapath_instance/main_alu/Madd_sum_Madd_cy<18> (datapath_instance/main_alu/Madd_sum_Madd_cy<18>)
     MUXCY:CI->O           1   0.023   0.000  datapath_instance/main_alu/Madd_sum_Madd_cy<19> (datapath_instance/main_alu/Madd_sum_Madd_cy<19>)
     MUXCY:CI->O           1   0.023   0.000  datapath_instance/main_alu/Madd_sum_Madd_cy<20> (datapath_instance/main_alu/Madd_sum_Madd_cy<20>)
     MUXCY:CI->O           1   0.023   0.000  datapath_instance/main_alu/Madd_sum_Madd_cy<21> (datapath_instance/main_alu/Madd_sum_Madd_cy<21>)
     MUXCY:CI->O           1   0.023   0.000  datapath_instance/main_alu/Madd_sum_Madd_cy<22> (datapath_instance/main_alu/Madd_sum_Madd_cy<22>)
     MUXCY:CI->O           1   0.023   0.000  datapath_instance/main_alu/Madd_sum_Madd_cy<23> (datapath_instance/main_alu/Madd_sum_Madd_cy<23>)
     MUXCY:CI->O           1   0.023   0.000  datapath_instance/main_alu/Madd_sum_Madd_cy<24> (datapath_instance/main_alu/Madd_sum_Madd_cy<24>)
     MUXCY:CI->O           1   0.023   0.000  datapath_instance/main_alu/Madd_sum_Madd_cy<25> (datapath_instance/main_alu/Madd_sum_Madd_cy<25>)
     MUXCY:CI->O           1   0.023   0.000  datapath_instance/main_alu/Madd_sum_Madd_cy<26> (datapath_instance/main_alu/Madd_sum_Madd_cy<26>)
     MUXCY:CI->O           1   0.023   0.000  datapath_instance/main_alu/Madd_sum_Madd_cy<27> (datapath_instance/main_alu/Madd_sum_Madd_cy<27>)
     MUXCY:CI->O           1   0.023   0.000  datapath_instance/main_alu/Madd_sum_Madd_cy<28> (datapath_instance/main_alu/Madd_sum_Madd_cy<28>)
     MUXCY:CI->O           1   0.023   0.000  datapath_instance/main_alu/Madd_sum_Madd_cy<29> (datapath_instance/main_alu/Madd_sum_Madd_cy<29>)
     MUXCY:CI->O           0   0.023   0.000  datapath_instance/main_alu/Madd_sum_Madd_cy<30> (datapath_instance/main_alu/Madd_sum_Madd_cy<30>)
     XORCY:CI->O           3   0.370   0.367  datapath_instance/main_alu/Madd_sum_Madd_xor<31> (datapath_instance/main_alu/sum<31>)
     LUT6:I5->O            3   0.097   0.351  datapath_instance/main_alu/Mmux_tmp110 (aluout_0_OBUF)
     OBUF:I->O                 0.000          aluout_0_OBUF (aluout<0>)
    ----------------------------------------
    Total                      4.841ns (2.441ns logic, 2.400ns route)
                                       (50.4% logic, 49.6% route)

=========================================================================
Timing constraint: Default path analysis
  Total number of paths / destination ports: 48396 / 65
-------------------------------------------------------------------------
Delay:               4.784ns (Levels of Logic = 39)
  Source:            instr<22> (PAD)
  Destination:       aluout<0> (PAD)

  Data Path: instr<22> to aluout<0>
                                Gate     Net
    Cell:in->out      fanout   Delay   Delay  Logical Name (Net Name)
    ----------------------------------------  ------------
     IBUF:I->O           257   0.001   0.925  instr_22_IBUF (instr_22_IBUF)
     LUT6:I0->O            1   0.097   0.616  datapath_instance/rf_instance/read_data_mux1/Mmux_output_81 (datapath_instance/rf_instance/read_data_mux1/Mmux_output_81)
     LUT6:I2->O            1   0.097   0.000  datapath_instance/rf_instance/read_data_mux1/Mmux_output_3 (datapath_instance/rf_instance/read_data_mux1/Mmux_output_3)
     MUXF7:I1->O           2   0.279   0.444  datapath_instance/rf_instance/read_data_mux1/Mmux_output_2_f7 (datapath_instance/alu_data1_out<0>)
     LUT5:I3->O            1   0.097   0.000  datapath_instance/main_alu/Madd_sum_Madd_lut<0> (datapath_instance/main_alu/Madd_sum_Madd_lut<0>)
     MUXCY:S->O            1   0.353   0.000  datapath_instance/main_alu/Madd_sum_Madd_cy<0> (datapath_instance/main_alu/Madd_sum_Madd_cy<0>)
     MUXCY:CI->O           1   0.023   0.000  datapath_instance/main_alu/Madd_sum_Madd_cy<1> (datapath_instance/main_alu/Madd_sum_Madd_cy<1>)
     MUXCY:CI->O           1   0.023   0.000  datapath_instance/main_alu/Madd_sum_Madd_cy<2> (datapath_instance/main_alu/Madd_sum_Madd_cy<2>)
     MUXCY:CI->O           1   0.023   0.000  datapath_instance/main_alu/Madd_sum_Madd_cy<3> (datapath_instance/main_alu/Madd_sum_Madd_cy<3>)
     MUXCY:CI->O           1   0.023   0.000  datapath_instance/main_alu/Madd_sum_Madd_cy<4> (datapath_instance/main_alu/Madd_sum_Madd_cy<4>)
     MUXCY:CI->O           1   0.023   0.000  datapath_instance/main_alu/Madd_sum_Madd_cy<5> (datapath_instance/main_alu/Madd_sum_Madd_cy<5>)
     MUXCY:CI->O           1   0.023   0.000  datapath_instance/main_alu/Madd_sum_Madd_cy<6> (datapath_instance/main_alu/Madd_sum_Madd_cy<6>)
     MUXCY:CI->O           1   0.023   0.000  datapath_instance/main_alu/Madd_sum_Madd_cy<7> (datapath_instance/main_alu/Madd_sum_Madd_cy<7>)
     MUXCY:CI->O           1   0.023   0.000  datapath_instance/main_alu/Madd_sum_Madd_cy<8> (datapath_instance/main_alu/Madd_sum_Madd_cy<8>)
     MUXCY:CI->O           1   0.023   0.000  datapath_instance/main_alu/Madd_sum_Madd_cy<9> (datapath_instance/main_alu/Madd_sum_Madd_cy<9>)
     MUXCY:CI->O           1   0.023   0.000  datapath_instance/main_alu/Madd_sum_Madd_cy<10> (datapath_instance/main_alu/Madd_sum_Madd_cy<10>)
     MUXCY:CI->O           1   0.023   0.000  datapath_instance/main_alu/Madd_sum_Madd_cy<11> (datapath_instance/main_alu/Madd_sum_Madd_cy<11>)
     MUXCY:CI->O           1   0.023   0.000  datapath_instance/main_alu/Madd_sum_Madd_cy<12> (datapath_instance/main_alu/Madd_sum_Madd_cy<12>)
     MUXCY:CI->O           1   0.023   0.000  datapath_instance/main_alu/Madd_sum_Madd_cy<13> (datapath_instance/main_alu/Madd_sum_Madd_cy<13>)
     MUXCY:CI->O           1   0.023   0.000  datapath_instance/main_alu/Madd_sum_Madd_cy<14> (datapath_instance/main_alu/Madd_sum_Madd_cy<14>)
     MUXCY:CI->O           1   0.023   0.000  datapath_instance/main_alu/Madd_sum_Madd_cy<15> (datapath_instance/main_alu/Madd_sum_Madd_cy<15>)
     MUXCY:CI->O           1   0.023   0.000  datapath_instance/main_alu/Madd_sum_Madd_cy<16> (datapath_instance/main_alu/Madd_sum_Madd_cy<16>)
     MUXCY:CI->O           1   0.023   0.000  datapath_instance/main_alu/Madd_sum_Madd_cy<17> (datapath_instance/main_alu/Madd_sum_Madd_cy<17>)
     MUXCY:CI->O           1   0.023   0.000  datapath_instance/main_alu/Madd_sum_Madd_cy<18> (datapath_instance/main_alu/Madd_sum_Madd_cy<18>)
     MUXCY:CI->O           1   0.023   0.000  datapath_instance/main_alu/Madd_sum_Madd_cy<19> (datapath_instance/main_alu/Madd_sum_Madd_cy<19>)
     MUXCY:CI->O           1   0.023   0.000  datapath_instance/main_alu/Madd_sum_Madd_cy<20> (datapath_instance/main_alu/Madd_sum_Madd_cy<20>)
     MUXCY:CI->O           1   0.023   0.000  datapath_instance/main_alu/Madd_sum_Madd_cy<21> (datapath_instance/main_alu/Madd_sum_Madd_cy<21>)
     MUXCY:CI->O           1   0.023   0.000  datapath_instance/main_alu/Madd_sum_Madd_cy<22> (datapath_instance/main_alu/Madd_sum_Madd_cy<22>)
     MUXCY:CI->O           1   0.023   0.000  datapath_instance/main_alu/Madd_sum_Madd_cy<23> (datapath_instance/main_alu/Madd_sum_Madd_cy<23>)
     MUXCY:CI->O           1   0.023   0.000  datapath_instance/main_alu/Madd_sum_Madd_cy<24> (datapath_instance/main_alu/Madd_sum_Madd_cy<24>)
     MUXCY:CI->O           1   0.023   0.000  datapath_instance/main_alu/Madd_sum_Madd_cy<25> (datapath_instance/main_alu/Madd_sum_Madd_cy<25>)
     MUXCY:CI->O           1   0.023   0.000  datapath_instance/main_alu/Madd_sum_Madd_cy<26> (datapath_instance/main_alu/Madd_sum_Madd_cy<26>)
     MUXCY:CI->O           1   0.023   0.000  datapath_instance/main_alu/Madd_sum_Madd_cy<27> (datapath_instance/main_alu/Madd_sum_Madd_cy<27>)
     MUXCY:CI->O           1   0.023   0.000  datapath_instance/main_alu/Madd_sum_Madd_cy<28> (datapath_instance/main_alu/Madd_sum_Madd_cy<28>)
     MUXCY:CI->O           1   0.023   0.000  datapath_instance/main_alu/Madd_sum_Madd_cy<29> (datapath_instance/main_alu/Madd_sum_Madd_cy<29>)
     MUXCY:CI->O           0   0.023   0.000  datapath_instance/main_alu/Madd_sum_Madd_cy<30> (datapath_instance/main_alu/Madd_sum_Madd_cy<30>)
     XORCY:CI->O           3   0.370   0.367  datapath_instance/main_alu/Madd_sum_Madd_xor<31> (datapath_instance/main_alu/sum<31>)
     LUT6:I5->O            3   0.097   0.351  datapath_instance/main_alu/Mmux_tmp110 (aluout_0_OBUF)
     OBUF:I->O                 0.000          aluout_0_OBUF (aluout<0>)
    ----------------------------------------
    Total                      4.784ns (2.081ns logic, 2.703ns route)
                                       (43.5% logic, 56.5% route)

=========================================================================

Cross Clock Domains Report:
--------------------------

Clock to Setup on destination clock clk
---------------+---------+---------+---------+---------+
               | Src:Rise| Src:Fall| Src:Rise| Src:Fall|
Source Clock   |Dest:Rise|Dest:Rise|Dest:Fall|Dest:Fall|
---------------+---------+---------+---------+---------+
clk            |    6.387|         |         |         |
---------------+---------+---------+---------+---------+

=========================================================================


Total REAL time to Xst completion: 40.00 secs
Total CPU time to Xst completion: 39.54 secs
 
--> 

Total memory usage is 5032080 kilobytes

Number of errors   :    0 (   0 filtered)
Number of warnings :   10 (   0 filtered)
Number of infos    :    0 (   0 filtered)

