Release 14.5 - xst P.58f (nt64)
Copyright (c) 1995-2012 Xilinx, Inc.  All rights reserved.
--> Parameter TMPDIR set to xst/projnav.tmp


Total REAL time to Xst completion: 0.00 secs
Total CPU time to Xst completion: 0.06 secs
 
--> Parameter xsthdpdir set to xst


Total REAL time to Xst completion: 0.00 secs
Total CPU time to Xst completion: 0.06 secs
 
--> Reading design: Register_File.prj

TABLE OF CONTENTS
  1) Synthesis Options Summary
  2) HDL Parsing
  3) HDL Elaboration
  4) HDL Synthesis
       4.1) HDL Synthesis Report
  5) Advanced HDL Synthesis
       5.1) Advanced HDL Synthesis Report
  6) Low Level Synthesis
  7) Partition Report
  8) Design Summary
       8.1) Primitive and Black Box Usage
       8.2) Device utilization summary
       8.3) Partition Resource Summary
       8.4) Timing Report
            8.4.1) Clock Information
            8.4.2) Asynchronous Control Signals Information
            8.4.3) Timing Summary
            8.4.4) Timing Details
            8.4.5) Cross Clock Domains Report


=========================================================================
*                      Synthesis Options Summary                        *
=========================================================================
---- Source Parameters
Input File Name                    : "Register_File.prj"
Ignore Synthesis Constraint File   : NO

---- Target Parameters
Output File Name                   : "Register_File"
Output Format                      : NGC
Target Device                      : xa7a100t-2I-csg324

---- Source Options
Top Module Name                    : Register_File
Automatic FSM Extraction           : YES
FSM Encoding Algorithm             : Auto
Safe Implementation                : No
FSM Style                          : LUT
RAM Extraction                     : Yes
RAM Style                          : Auto
ROM Extraction                     : Yes
Shift Register Extraction          : YES
ROM Style                          : Auto
Resource Sharing                   : YES
Asynchronous To Synchronous        : NO
Shift Register Minimum Size        : 2
Use DSP Block                      : Auto
Automatic Register Balancing       : No

---- Target Options
LUT Combining                      : Auto
Reduce Control Sets                : Auto
Add IO Buffers                     : YES
Global Maximum Fanout              : 100000
Add Generic Clock Buffer(BUFG)     : 32
Register Duplication               : YES
Optimize Instantiated Primitives   : NO
Use Clock Enable                   : Auto
Use Synchronous Set                : Auto
Use Synchronous Reset              : Auto
Pack IO Registers into IOBs        : Auto
Equivalent register Removal        : YES

---- General Options
Optimization Goal                  : Speed
Optimization Effort                : 1
Power Reduction                    : NO
Keep Hierarchy                     : No
Netlist Hierarchy                  : As_Optimized
RTL Output                         : Yes
Global Optimization                : AllClockNets
Read Cores                         : YES
Write Timing Constraints           : NO
Cross Clock Analysis               : NO
Hierarchy Separator                : /
Bus Delimiter                      : <>
Case Specifier                     : Maintain
Slice Utilization Ratio            : 100
BRAM Utilization Ratio             : 100
DSP48 Utilization Ratio            : 100
Auto BRAM Packing                  : NO
Slice Utilization Ratio Delta      : 5

=========================================================================


=========================================================================
*                          HDL Parsing                                  *
=========================================================================
Parsing VHDL file "C:\CO_project_phase2_v2\RegisterZeroEntity.vhd" into library work
Parsing entity <RegisterZeroEntity>.
Parsing architecture <Behavioral> of entity <registerzeroentity>.
Parsing VHDL file "C:\CO_project_phase2_v2\RegisterEntity.vhd" into library work
Parsing entity <RegisterEntity>.
Parsing architecture <Behavioral> of entity <registerentity>.
Parsing VHDL file "C:\CO_project_phase2_v2\General_Mux.vhd" into library work
Parsing entity <General_Mux>.
Parsing architecture <Behavioral> of entity <general_mux>.
Parsing VHDL file "C:\CO_project_phase2_v2\demux.vhd" into library work
Parsing entity <demux>.
Parsing architecture <Behavioral> of entity <demux>.
Parsing VHDL file "C:\CO_project_phase2_v2\Register_File.vhd" into library work
Parsing entity <Register_File>.
Parsing architecture <Behavioral> of entity <register_file>.

=========================================================================
*                            HDL Elaboration                            *
=========================================================================

Elaborating entity <Register_File> (architecture <Behavioral>) from library <work>.

Elaborating entity <demux> (architecture <Behavioral>) from library <work>.

Elaborating entity <RegisterZeroEntity> (architecture <Behavioral>) from library <work>.

Elaborating entity <RegisterEntity> (architecture <Behavioral>) from library <work>.

Elaborating entity <General_Mux> (architecture <Behavioral>) with generics from library <work>.

=========================================================================
*                           HDL Synthesis                               *
=========================================================================

Synthesizing Unit <Register_File>.
    Related source file is "C:\CO_project_phase2_v2\Register_File.vhd".
    Summary:
	no macro.
Unit <Register_File> synthesized.

Synthesizing Unit <demux>.
    Related source file is "C:\CO_project_phase2_v2\demux.vhd".
    Summary:
	inferred   1 Multiplexer(s).
Unit <demux> synthesized.

Synthesizing Unit <RegisterZeroEntity>.
    Related source file is "C:\CO_project_phase2_v2\RegisterZeroEntity.vhd".
WARNING:Xst:647 - Input <written_data> is never used. This port will be preserved and left unconnected if it belongs to a top-level block or it belongs to a sub-block and the hierarchy of this sub-block is preserved.
WARNING:Xst:647 - Input <write_enable> is never used. This port will be preserved and left unconnected if it belongs to a top-level block or it belongs to a sub-block and the hierarchy of this sub-block is preserved.
WARNING:Xst:647 - Input <clk> is never used. This port will be preserved and left unconnected if it belongs to a top-level block or it belongs to a sub-block and the hierarchy of this sub-block is preserved.
WARNING:Xst:647 - Input <clear> is never used. This port will be preserved and left unconnected if it belongs to a top-level block or it belongs to a sub-block and the hierarchy of this sub-block is preserved.
    Summary:
	no macro.
Unit <RegisterZeroEntity> synthesized.

Synthesizing Unit <RegisterEntity>.
    Related source file is "C:\CO_project_phase2_v2\RegisterEntity.vhd".
    Found 32-bit register for signal <reg_data>.
    Summary:
	inferred  32 D-type flip-flop(s).
Unit <RegisterEntity> synthesized.

Synthesizing Unit <General_Mux>.
    Related source file is "C:\CO_project_phase2_v2\General_Mux.vhd".
        BITS = 32
    Found 32-bit 32-to-1 multiplexer for signal <output> created at line 26.
    Summary:
	inferred   1 Multiplexer(s).
Unit <General_Mux> synthesized.

=========================================================================
HDL Synthesis Report

Macro Statistics
# Registers                                            : 31
 32-bit register                                       : 31
# Multiplexers                                         : 3
 32-bit 2-to-1 multiplexer                             : 1
 32-bit 32-to-1 multiplexer                            : 2

=========================================================================

=========================================================================
*                       Advanced HDL Synthesis                          *
=========================================================================

WARNING:Xst - The specified part-type was not generated at build time. XST is loading the full part-type and will therefore consume more CPU and memory.
Loading device for application Rf_Device from file '7a100t.nph' in environment C:\Xilinx\14.5\ISE_DS\ISE\.
Loading device for application Rf_Device from file '7a100t.nph' in environment C:\Xilinx\14.5\ISE_DS\ISE\.

=========================================================================
Advanced HDL Synthesis Report

Macro Statistics
# Registers                                            : 992
 Flip-Flops                                            : 992
# Multiplexers                                         : 3
 32-bit 2-to-1 multiplexer                             : 1
 32-bit 32-to-1 multiplexer                            : 2

=========================================================================

=========================================================================
*                         Low Level Synthesis                           *
=========================================================================

Optimizing unit <Register_File> ...

Mapping all equations...
Building and optimizing final netlist ...
Found area constraint ratio of 100 (+ 5) on block Register_File, actual ratio is 2.

Final Macro Processing ...

=========================================================================
Final Register Report

Macro Statistics
# Registers                                            : 992
 Flip-Flops                                            : 992

=========================================================================

=========================================================================
*                           Partition Report                            *
=========================================================================

Partition Implementation Status
-------------------------------

  No Partitions were found in this design.

-------------------------------

=========================================================================
*                            Design Summary                             *
=========================================================================

Top Level Output File Name         : Register_File.ngc

Primitive and Black Box Usage:
------------------------------
# BELS                             : 735
#      LUT5                        : 64
#      LUT6                        : 607
#      MUXF7                       : 64
# FlipFlops/Latches                : 992
#      FDE                         : 992
# Clock Buffers                    : 1
#      BUFGP                       : 1
# IO Buffers                       : 112
#      IBUF                        : 48
#      OBUF                        : 64

Device utilization summary:
---------------------------

Selected Device : xa7a100tcsg324-2i 


Slice Logic Utilization: 
 Number of Slice Registers:             992  out of  126800     0%  
 Number of Slice LUTs:                  671  out of  63400     1%  
    Number used as Logic:               671  out of  63400     1%  

Slice Logic Distribution: 
 Number of LUT Flip Flop pairs used:   1119
   Number with an unused Flip Flop:     127  out of   1119    11%  
   Number with an unused LUT:           448  out of   1119    40%  
   Number of fully used LUT-FF pairs:   544  out of   1119    48%  
   Number of unique control sets:        31

IO Utilization: 
 Number of IOs:                         113
 Number of bonded IOBs:                 113  out of    210    53%  

Specific Feature Utilization:
 Number of BUFG/BUFGCTRL/BUFHCEs:         1  out of    128     0%  

---------------------------
Partition Resource Summary:
---------------------------

  No Partitions were found in this design.

---------------------------


=========================================================================
Timing Report

NOTE: THESE TIMING NUMBERS ARE ONLY A SYNTHESIS ESTIMATE.
      FOR ACCURATE TIMING INFORMATION PLEASE REFER TO THE TRACE REPORT
      GENERATED AFTER PLACE-and-ROUTE.

Clock Information:
------------------
-----------------------------------+------------------------+-------+
Clock Signal                       | Clock buffer(FF name)  | Load  |
-----------------------------------+------------------------+-------+
clk                                | BUFGP                  | 992   |
-----------------------------------+------------------------+-------+

Asynchronous Control Signals Information:
----------------------------------------
No asynchronous control signals found in this design

Timing Summary:
---------------
Speed Grade: -2

   Minimum period: No path found
   Minimum input arrival time before clock: 1.544ns
   Maximum output required time after clock: 2.411ns
   Maximum combinational path delay: 2.354ns

Timing Details:
---------------
All values displayed in nanoseconds (ns)

=========================================================================
Timing constraint: Default OFFSET IN BEFORE for Clock 'clk'
  Total number of paths / destination ports: 6944 / 1984
-------------------------------------------------------------------------
Offset:              1.544ns (Levels of Logic = 2)
  Source:            write_sel<3> (PAD)
  Destination:       register31/reg_data_31 (FF)
  Destination Clock: clk rising

  Data Path: write_sel<3> to register31/reg_data_31
                                Gate     Net
    Cell:in->out      fanout   Delay   Delay  Logical Name (Net Name)
    ----------------------------------------  ------------
     IBUF:I->O            31   0.001   0.883  write_sel_3_IBUF (write_sel_3_IBUF)
     LUT6:I0->O           32   0.097   0.469  write_demux/Mmux_output211 (writeind<28>)
     FDE:CE                    0.095          register28/reg_data_31
    ----------------------------------------
    Total                      1.544ns (0.193ns logic, 1.351ns route)
                                       (12.5% logic, 87.5% route)

=========================================================================
Timing constraint: Default OFFSET OUT AFTER for Clock 'clk'
  Total number of paths / destination ports: 1984 / 64
-------------------------------------------------------------------------
Offset:              2.411ns (Levels of Logic = 4)
  Source:            register26/reg_data_31 (FF)
  Destination:       data1<31> (PAD)
  Source Clock:      clk rising

  Data Path: register26/reg_data_31 to data1<31>
                                Gate     Net
    Cell:in->out      fanout   Delay   Delay  Logical Name (Net Name)
    ----------------------------------------  ------------
     FDE:C->Q              2   0.361   0.621  register26/reg_data_31 (register26/reg_data_31)
     LUT6:I2->O            1   0.097   0.616  read1_mux/Mmux_output_873 (read1_mux/Mmux_output_873)
     LUT6:I2->O            1   0.097   0.000  read1_mux/Mmux_output_324 (read1_mux/Mmux_output_324)
     MUXF7:I1->O           1   0.279   0.339  read1_mux/Mmux_output_2_f7_23 (data1_31_OBUF)
     OBUF:I->O                 0.000          data1_31_OBUF (data1<31>)
    ----------------------------------------
    Total                      2.411ns (0.834ns logic, 1.577ns route)
                                       (34.6% logic, 65.4% route)

=========================================================================
Timing constraint: Default path analysis
  Total number of paths / destination ports: 1344 / 64
-------------------------------------------------------------------------
Delay:               2.354ns (Levels of Logic = 5)
  Source:            read_sel1<1> (PAD)
  Destination:       data1<31> (PAD)

  Data Path: read_sel1<1> to data1<31>
                                Gate     Net
    Cell:in->out      fanout   Delay   Delay  Logical Name (Net Name)
    ----------------------------------------  ------------
     IBUF:I->O           256   0.001   0.924  read_sel1_1_IBUF (read_sel1_1_IBUF)
     LUT6:I0->O            1   0.097   0.616  read1_mux/Mmux_output_81 (read1_mux/Mmux_output_81)
     LUT6:I2->O            1   0.097   0.000  read1_mux/Mmux_output_3 (read1_mux/Mmux_output_3)
     MUXF7:I1->O           1   0.279   0.339  read1_mux/Mmux_output_2_f7 (data1_0_OBUF)
     OBUF:I->O                 0.000          data1_0_OBUF (data1<0>)
    ----------------------------------------
    Total                      2.354ns (0.474ns logic, 1.880ns route)
                                       (20.1% logic, 79.9% route)

=========================================================================

Cross Clock Domains Report:
--------------------------

=========================================================================


Total REAL time to Xst completion: 40.00 secs
Total CPU time to Xst completion: 39.16 secs
 
--> 

Total memory usage is 5029072 kilobytes

Number of errors   :    0 (   0 filtered)
Number of warnings :    5 (   0 filtered)
Number of infos    :    0 (   0 filtered)

