Release 14.7 - xst P.20131013 (nt64)
Copyright (c) 1995-2013 Xilinx, Inc.  All rights reserved.
--> Parameter TMPDIR set to xst/projnav.tmp


Total REAL time to Xst completion: 0.00 secs
Total CPU time to Xst completion: 0.22 secs
 
--> Parameter xsthdpdir set to xst


Total REAL time to Xst completion: 0.00 secs
Total CPU time to Xst completion: 0.22 secs
 
--> Reading design: top.prj

TABLE OF CONTENTS
  1) Synthesis Options Summary
  2) HDL Parsing
  3) HDL Elaboration
  4) HDL Synthesis
       4.1) HDL Synthesis Report
  5) Advanced HDL Synthesis
       5.1) Advanced HDL Synthesis Report
  6) Low Level Synthesis
  7) Partition Report
  8) Design Summary
       8.1) Primitive and Black Box Usage
       8.2) Device utilization summary
       8.3) Partition Resource Summary
       8.4) Timing Report
            8.4.1) Clock Information
            8.4.2) Asynchronous Control Signals Information
            8.4.3) Timing Summary
            8.4.4) Timing Details
            8.4.5) Cross Clock Domains Report


=========================================================================
*                      Synthesis Options Summary                        *
=========================================================================
---- Source Parameters
Input File Name                    : "top.prj"
Ignore Synthesis Constraint File   : NO

---- Target Parameters
Output File Name                   : "top"
Output Format                      : NGC
Target Device                      : xa7a100t-2I-csg324

---- Source Options
Top Module Name                    : top
Automatic FSM Extraction           : YES
FSM Encoding Algorithm             : Auto
Safe Implementation                : No
FSM Style                          : LUT
RAM Extraction                     : Yes
RAM Style                          : Auto
ROM Extraction                     : Yes
Shift Register Extraction          : YES
ROM Style                          : Auto
Resource Sharing                   : YES
Asynchronous To Synchronous        : NO
Shift Register Minimum Size        : 2
Use DSP Block                      : Auto
Automatic Register Balancing       : No

---- Target Options
LUT Combining                      : Auto
Reduce Control Sets                : Auto
Add IO Buffers                     : YES
Global Maximum Fanout              : 100000
Add Generic Clock Buffer(BUFG)     : 32
Register Duplication               : YES
Optimize Instantiated Primitives   : NO
Use Clock Enable                   : Auto
Use Synchronous Set                : Auto
Use Synchronous Reset              : Auto
Pack IO Registers into IOBs        : Auto
Equivalent register Removal        : YES

---- General Options
Optimization Goal                  : Speed
Optimization Effort                : 1
Power Reduction                    : NO
Keep Hierarchy                     : No
Netlist Hierarchy                  : As_Optimized
RTL Output                         : Yes
Global Optimization                : AllClockNets
Read Cores                         : YES
Write Timing Constraints           : NO
Cross Clock Analysis               : NO
Hierarchy Separator                : /
Bus Delimiter                      : <>
Case Specifier                     : Maintain
Slice Utilization Ratio            : 100
BRAM Utilization Ratio             : 100
DSP48 Utilization Ratio            : 100
Auto BRAM Packing                  : NO
Slice Utilization Ratio Delta      : 5

=========================================================================


=========================================================================
*                          HDL Parsing                                  *
=========================================================================
Parsing VHDL file "C:\Users\oa508\Documents\CO_project_phase2_v2_v4\RegisterZeroEntity.vhd" into library work
Parsing entity <RegisterZeroEntity>.
Parsing architecture <Behavioral> of entity <registerzeroentity>.
Parsing VHDL file "C:\Users\oa508\Documents\CO_project_phase2_v2_v4\RegisterEntity.vhd" into library work
Parsing entity <RegisterEntity>.
Parsing architecture <Behavioral> of entity <registerentity>.
Parsing VHDL file "C:\Users\oa508\Documents\CO_project_phase2_v2_v4\General_Mux.vhd" into library work
Parsing entity <General_Mux>.
Parsing architecture <Behavioral> of entity <general_mux>.
Parsing VHDL file "C:\Users\oa508\Documents\CO_project_phase2_v2_v4\demux.vhd" into library work
Parsing entity <demux>.
Parsing architecture <Behavioral> of entity <demux>.
Parsing VHDL file "C:\Users\oa508\Documents\CO_project_phase2_v2_v4\sl2.vhd" into library work
Parsing entity <sl2>.
Parsing architecture <myarch> of entity <sl2>.
Parsing VHDL file "C:\Users\oa508\Documents\CO_project_phase2_v2_v4\signext.vhd" into library work
Parsing entity <signext>.
Parsing architecture <beave> of entity <signext>.
Parsing VHDL file "C:\Users\oa508\Documents\CO_project_phase2_v2_v4\Register_File.vhd" into library work
Parsing entity <Register_File>.
Parsing architecture <Behavioral> of entity <register_file>.
Parsing VHDL file "C:\Users\oa508\Documents\CO_project_phase2_v2_v4\Mux2.vhd" into library work
Parsing entity <Mux2>.
Parsing architecture <MuxArch> of entity <mux2>.
Parsing VHDL file "C:\Users\oa508\Documents\CO_project_phase2_v2_v4\maindec.vhd" into library work
Parsing entity <maindec>.
Parsing architecture <maindecLogic> of entity <maindec>.
Parsing VHDL file "C:\Users\oa508\Documents\CO_project_phase2_v2_v4\flopr.vhd" into library work
Parsing entity <flopr>.
Parsing architecture <Behavioral> of entity <flopr>.
Parsing VHDL file "C:\Users\oa508\Documents\CO_project_phase2_v2_v4\data_path_package.vhd" into library work
Parsing package <data_path_package>.
Parsing VHDL file "C:\Users\oa508\Documents\CO_project_phase2_v2_v4\controller_package.vhd" into library work
Parsing package <controller_package>.
Parsing VHDL file "C:\Users\oa508\Documents\CO_project_phase2_v2_v4\aludec.vhd" into library work
Parsing entity <aludec>.
Parsing architecture <behave> of entity <aludec>.
Parsing VHDL file "C:\Users\oa508\Documents\CO_project_phase2_v2_v4\alu.vhd" into library work
Parsing entity <alu>.
Parsing architecture <Behavioral> of entity <alu>.
Parsing VHDL file "C:\Users\oa508\Documents\CO_project_phase2_v2_v4\adder.vhd" into library work
Parsing entity <adder>.
Parsing architecture <Behavioral> of entity <adder>.
Parsing VHDL file "C:\Users\oa508\Documents\CO_project_phase2_v2_v4\mips_package.vhd" into library work
Parsing package <mips_package>.
INFO:HDLCompiler:1676 - "C:\Users\oa508\Documents\CO_project_phase2_v2_v4\mips_package.vhd" Line 36. declaration of a buffer port will make it difficult for you to validate this design by simulation. It is preferable to declare it as output
INFO:HDLCompiler:1676 - "C:\Users\oa508\Documents\CO_project_phase2_v2_v4\mips_package.vhd" Line 38. declaration of a buffer port will make it difficult for you to validate this design by simulation. It is preferable to declare it as output
INFO:HDLCompiler:1676 - "C:\Users\oa508\Documents\CO_project_phase2_v2_v4\mips_package.vhd" Line 39. declaration of a buffer port will make it difficult for you to validate this design by simulation. It is preferable to declare it as output
Parsing VHDL file "C:\Users\oa508\Documents\CO_project_phase2_v2_v4\data_path.vhd" into library work
Parsing entity <datapath>.
INFO:HDLCompiler:1676 - "C:\Users\oa508\Documents\CO_project_phase2_v2_v4\data_path.vhd" Line 33. declaration of a buffer port will make it difficult for you to validate this design by simulation. It is preferable to declare it as output
INFO:HDLCompiler:1676 - "C:\Users\oa508\Documents\CO_project_phase2_v2_v4\data_path.vhd" Line 35. declaration of a buffer port will make it difficult for you to validate this design by simulation. It is preferable to declare it as output
INFO:HDLCompiler:1676 - "C:\Users\oa508\Documents\CO_project_phase2_v2_v4\data_path.vhd" Line 36. declaration of a buffer port will make it difficult for you to validate this design by simulation. It is preferable to declare it as output
Parsing architecture <Behavioral> of entity <datapath>.
Parsing VHDL file "C:\Users\oa508\Documents\CO_project_phase2_v2_v4\controller.vhd" into library work
Parsing entity <controller>.
Parsing architecture <Behavioral> of entity <controller>.
Parsing VHDL file "C:\Users\oa508\Documents\CO_project_phase2_v2_v4\top_package.vhd" into library work
Parsing package <top_package>.
INFO:HDLCompiler:1676 - "C:\Users\oa508\Documents\CO_project_phase2_v2_v4\top_package.vhd" Line 18. declaration of a buffer port will make it difficult for you to validate this design by simulation. It is preferable to declare it as output
INFO:HDLCompiler:1676 - "C:\Users\oa508\Documents\CO_project_phase2_v2_v4\top_package.vhd" Line 21. declaration of a buffer port will make it difficult for you to validate this design by simulation. It is preferable to declare it as output
Parsing VHDL file "C:\Users\oa508\Documents\CO_project_phase2_v2_v4\mips.vhd" into library work
Parsing entity <mips>.
INFO:HDLCompiler:1676 - "C:\Users\oa508\Documents\CO_project_phase2_v2_v4\mips.vhd" Line 35. declaration of a buffer port will make it difficult for you to validate this design by simulation. It is preferable to declare it as output
INFO:HDLCompiler:1676 - "C:\Users\oa508\Documents\CO_project_phase2_v2_v4\mips.vhd" Line 38. declaration of a buffer port will make it difficult for you to validate this design by simulation. It is preferable to declare it as output
Parsing architecture <Behavioral> of entity <mips>.
Parsing VHDL file "C:\Users\oa508\Documents\CO_project_phase2_v2_v4\imem.vhd" into library work
Parsing entity <imem>.
Parsing architecture <behave> of entity <imem>.
Parsing VHDL file "C:\Users\oa508\Documents\CO_project_phase2_v2_v4\dmem.vhd" into library work
Parsing entity <dmem>.
Parsing architecture <behave> of entity <dmem>.
Parsing VHDL file "C:\Users\oa508\Documents\CO_project_phase2_v2_v4\top.vhd" into library work
Parsing entity <top>.
Parsing architecture <Behavioral> of entity <top>.

=========================================================================
*                            HDL Elaboration                            *
=========================================================================

Elaborating entity <top> (architecture <Behavioral>) from library <work>.

Elaborating entity <mips> (architecture <Behavioral>) from library <work>.

Elaborating entity <datapath> (architecture <Behavioral>) from library <work>.

Elaborating entity <flopr> (architecture <Behavioral>) with generics from library <work>.

Elaborating entity <adder> (architecture <Behavioral>) from library <work>.

Elaborating entity <sl2> (architecture <myarch>) from library <work>.

Elaborating entity <Mux2> (architecture <MuxArch>) with generics from library <work>.

Elaborating entity <Mux2> (architecture <MuxArch>) with generics from library <work>.

Elaborating entity <Register_File> (architecture <Behavioral>) from library <work>.

Elaborating entity <demux> (architecture <Behavioral>) from library <work>.

Elaborating entity <RegisterZeroEntity> (architecture <Behavioral>) from library <work>.

Elaborating entity <RegisterEntity> (architecture <Behavioral>) from library <work>.

Elaborating entity <General_Mux> (architecture <Behavioral>) with generics from library <work>.

Elaborating entity <signext> (architecture <beave>) from library <work>.

Elaborating entity <alu> (architecture <Behavioral>) from library <work>.

Elaborating entity <controller> (architecture <Behavioral>) from library <work>.

Elaborating entity <maindec> (architecture <maindecLogic>) from library <work>.

Elaborating entity <aludec> (architecture <behave>) from library <work>.

Elaborating entity <dmem> (architecture <behave>) from library <work>.

Elaborating entity <imem> (architecture <behave>) from library <work>.

=========================================================================
*                           HDL Synthesis                               *
=========================================================================

Synthesizing Unit <top>.
    Related source file is "C:\Users\oa508\Documents\CO_project_phase2_v2_v4\top.vhd".
    Summary:
	no macro.
Unit <top> synthesized.

Synthesizing Unit <mips>.
    Related source file is "C:\Users\oa508\Documents\CO_project_phase2_v2_v4\mips.vhd".
    Summary:
	no macro.
Unit <mips> synthesized.

Synthesizing Unit <datapath>.
    Related source file is "C:\Users\oa508\Documents\CO_project_phase2_v2_v4\data_path.vhd".
WARNING:Xst:647 - Input <instr<31:26>> is never used. This port will be preserved and left unconnected if it belongs to a top-level block or it belongs to a sub-block and the hierarchy of this sub-block is preserved.
    Summary:
	no macro.
Unit <datapath> synthesized.

Synthesizing Unit <flopr>.
    Related source file is "C:\Users\oa508\Documents\CO_project_phase2_v2_v4\flopr.vhd".
        n = 32
    Found 32-bit register for signal <q>.
    Summary:
	inferred  32 D-type flip-flop(s).
Unit <flopr> synthesized.

Synthesizing Unit <adder>.
    Related source file is "C:\Users\oa508\Documents\CO_project_phase2_v2_v4\adder.vhd".
    Found 33-bit adder for signal <result> created at line 35.
    Summary:
	inferred   1 Adder/Subtractor(s).
Unit <adder> synthesized.

Synthesizing Unit <sl2>.
    Related source file is "C:\Users\oa508\Documents\CO_project_phase2_v2_v4\sl2.vhd".
WARNING:Xst:647 - Input <a<31:30>> is never used. This port will be preserved and left unconnected if it belongs to a top-level block or it belongs to a sub-block and the hierarchy of this sub-block is preserved.
    Summary:
	no macro.
Unit <sl2> synthesized.

Synthesizing Unit <Mux2_1>.
    Related source file is "C:\Users\oa508\Documents\CO_project_phase2_v2_v4\Mux2.vhd".
        n = 32
    Summary:
	inferred   1 Multiplexer(s).
Unit <Mux2_1> synthesized.

Synthesizing Unit <Mux2_2>.
    Related source file is "C:\Users\oa508\Documents\CO_project_phase2_v2_v4\Mux2.vhd".
        n = 5
    Summary:
	inferred   1 Multiplexer(s).
Unit <Mux2_2> synthesized.

Synthesizing Unit <Register_File>.
    Related source file is "C:\Users\oa508\Documents\CO_project_phase2_v2_v4\Register_File.vhd".
    Summary:
	no macro.
Unit <Register_File> synthesized.

Synthesizing Unit <demux>.
    Related source file is "C:\Users\oa508\Documents\CO_project_phase2_v2_v4\demux.vhd".
    Summary:
	inferred   1 Multiplexer(s).
Unit <demux> synthesized.

Synthesizing Unit <RegisterZeroEntity>.
    Related source file is "C:\Users\oa508\Documents\CO_project_phase2_v2_v4\RegisterZeroEntity.vhd".
WARNING:Xst:647 - Input <written_data> is never used. This port will be preserved and left unconnected if it belongs to a top-level block or it belongs to a sub-block and the hierarchy of this sub-block is preserved.
WARNING:Xst:647 - Input <write_enable> is never used. This port will be preserved and left unconnected if it belongs to a top-level block or it belongs to a sub-block and the hierarchy of this sub-block is preserved.
WARNING:Xst:647 - Input <clk> is never used. This port will be preserved and left unconnected if it belongs to a top-level block or it belongs to a sub-block and the hierarchy of this sub-block is preserved.
WARNING:Xst:647 - Input <reset> is never used. This port will be preserved and left unconnected if it belongs to a top-level block or it belongs to a sub-block and the hierarchy of this sub-block is preserved.
    Summary:
	no macro.
Unit <RegisterZeroEntity> synthesized.

Synthesizing Unit <RegisterEntity>.
    Related source file is "C:\Users\oa508\Documents\CO_project_phase2_v2_v4\RegisterEntity.vhd".
    Found 32-bit register for signal <reg_data>.
    Summary:
	inferred  32 D-type flip-flop(s).
Unit <RegisterEntity> synthesized.

Synthesizing Unit <General_Mux>.
    Related source file is "C:\Users\oa508\Documents\CO_project_phase2_v2_v4\General_Mux.vhd".
        BITS = 32
    Found 32-bit 32-to-1 multiplexer for signal <output> created at line 26.
    Summary:
	inferred   1 Multiplexer(s).
Unit <General_Mux> synthesized.

Synthesizing Unit <signext>.
    Related source file is "C:\Users\oa508\Documents\CO_project_phase2_v2_v4\signext.vhd".
    Summary:
	no macro.
Unit <signext> synthesized.

Synthesizing Unit <alu>.
    Related source file is "C:\Users\oa508\Documents\CO_project_phase2_v2_v4\alu.vhd".
    Found 32-bit adder for signal <n0041> created at line 44.
    Found 32-bit adder for signal <sum> created at line 44.
    Found 32-bit 4-to-1 multiplexer for signal <tmp> created at line 36.
    Summary:
	inferred   2 Adder/Subtractor(s).
	inferred   3 Multiplexer(s).
Unit <alu> synthesized.

Synthesizing Unit <controller>.
    Related source file is "C:\Users\oa508\Documents\CO_project_phase2_v2_v4\controller.vhd".
    Summary:
	no macro.
Unit <controller> synthesized.

Synthesizing Unit <maindec>.
    Related source file is "C:\Users\oa508\Documents\CO_project_phase2_v2_v4\maindec.vhd".
    Summary:
	no macro.
Unit <maindec> synthesized.

Synthesizing Unit <aludec>.
    Related source file is "C:\Users\oa508\Documents\CO_project_phase2_v2_v4\aludec.vhd".
    Summary:
	no macro.
Unit <aludec> synthesized.

Synthesizing Unit <dmem>.
    Related source file is "C:\Users\oa508\Documents\CO_project_phase2_v2_v4\dmem.vhd".
WARNING:Xst:647 - Input <a<1:0>> is never used. This port will be preserved and left unconnected if it belongs to a top-level block or it belongs to a sub-block and the hierarchy of this sub-block is preserved.
WARNING:Xst:647 - Input <a<31:8>> is never used. This port will be preserved and left unconnected if it belongs to a top-level block or it belongs to a sub-block and the hierarchy of this sub-block is preserved.
    Found 64x32-bit single-port RAM <Mram_mem> for signal <mem>.
    Summary:
	inferred   1 RAM(s).
	inferred   1 Multiplexer(s).
Unit <dmem> synthesized.

Synthesizing Unit <imem>.
    Related source file is "C:\Users\oa508\Documents\CO_project_phase2_v2_v4\imem.vhd".
    Found 64x32-bit Read Only RAM for signal <rd>
    Summary:
	inferred   1 RAM(s).
Unit <imem> synthesized.

=========================================================================
HDL Synthesis Report

Macro Statistics
# RAMs                                                 : 2
 64x32-bit single-port RAM                             : 1
 64x32-bit single-port Read Only RAM                   : 1
# Adders/Subtractors                                   : 4
 32-bit adder                                          : 2
 33-bit adder                                          : 2
# Registers                                            : 32
 32-bit register                                       : 32
# Multiplexers                                         : 12
 32-bit 2-to-1 multiplexer                             : 8
 32-bit 32-to-1 multiplexer                            : 2
 32-bit 4-to-1 multiplexer                             : 1
 5-bit 2-to-1 multiplexer                              : 1

=========================================================================

=========================================================================
*                       Advanced HDL Synthesis                          *
=========================================================================

WARNING:Xst - The specified part-type was not generated at build time. XST is loading the full part-type and will therefore consume more CPU and memory.
Loading device for application Rf_Device from file '7a100t.nph' in environment C:\Xilinx\14.7\ISE_DS\ISE\.
Loading device for application Rf_Device from file '7a100t.nph' in environment C:\Xilinx\14.7\ISE_DS\ISE\.

Synthesizing (advanced) Unit <dmem>.
INFO:Xst:3218 - HDL ADVISOR - The RAM <Mram_mem> will be implemented on LUTs either because you have described an asynchronous read or because of currently unsupported block RAM features. If you have described an asynchronous read, making it synchronous would allow you to take advantage of available block RAM resources, for optimized device usage and improved timings. Please refer to your documentation for coding guidelines.
    -----------------------------------------------------------------------
    | ram_type           | Distributed                         |          |
    -----------------------------------------------------------------------
    | Port A                                                              |
    |     aspect ratio   | 64-word x 32-bit                    |          |
    |     clkA           | connected to signal <clk>           | rise     |
    |     weA            | connected to signal <we>            | high     |
    |     addrA          | connected to signal <a>             |          |
    |     diA            | connected to signal <wd>            |          |
    |     doA            | connected to internal node          |          |
    -----------------------------------------------------------------------
Unit <dmem> synthesized (advanced).

Synthesizing (advanced) Unit <imem>.
INFO:Xst:3218 - HDL ADVISOR - The RAM <Mram_rd> will be implemented on LUTs either because you have described an asynchronous read or because of currently unsupported block RAM features. If you have described an asynchronous read, making it synchronous would allow you to take advantage of available block RAM resources, for optimized device usage and improved timings. Please refer to your documentation for coding guidelines.
    -----------------------------------------------------------------------
    | ram_type           | Distributed                         |          |
    -----------------------------------------------------------------------
    | Port A                                                              |
    |     aspect ratio   | 64-word x 32-bit                    |          |
    |     weA            | connected to signal <GND>           | high     |
    |     addrA          | connected to signal <a>             |          |
    |     diA            | connected to signal <GND>           |          |
    |     doA            | connected to signal <rd>            |          |
    -----------------------------------------------------------------------
Unit <imem> synthesized (advanced).

=========================================================================
Advanced HDL Synthesis Report

Macro Statistics
# RAMs                                                 : 2
 64x32-bit single-port distributed RAM                 : 1
 64x32-bit single-port distributed Read Only RAM       : 1
# Adders/Subtractors                                   : 3
 32-bit adder                                          : 2
 32-bit adder carry in                                 : 1
# Registers                                            : 1024
 Flip-Flops                                            : 1024
# Multiplexers                                         : 12
 32-bit 2-to-1 multiplexer                             : 8
 32-bit 32-to-1 multiplexer                            : 2
 32-bit 4-to-1 multiplexer                             : 1
 5-bit 2-to-1 multiplexer                              : 1

=========================================================================

=========================================================================
*                         Low Level Synthesis                           *
=========================================================================

Optimizing unit <flopr> ...

Optimizing unit <top> ...

Optimizing unit <datapath> ...

Optimizing unit <alu> ...

Optimizing unit <Register_File> ...
WARNING:Xst:2677 - Node <mips_instace/datapath_instance/pcreg/q_31> of sequential type is unconnected in block <top>.
WARNING:Xst:2677 - Node <mips_instace/datapath_instance/pcreg/q_30> of sequential type is unconnected in block <top>.
WARNING:Xst:2677 - Node <mips_instace/datapath_instance/pcreg/q_29> of sequential type is unconnected in block <top>.
WARNING:Xst:2677 - Node <mips_instace/datapath_instance/pcreg/q_28> of sequential type is unconnected in block <top>.
WARNING:Xst:2677 - Node <mips_instace/datapath_instance/pcreg/q_27> of sequential type is unconnected in block <top>.
WARNING:Xst:2677 - Node <mips_instace/datapath_instance/pcreg/q_26> of sequential type is unconnected in block <top>.
WARNING:Xst:2677 - Node <mips_instace/datapath_instance/pcreg/q_25> of sequential type is unconnected in block <top>.
WARNING:Xst:2677 - Node <mips_instace/datapath_instance/pcreg/q_24> of sequential type is unconnected in block <top>.
WARNING:Xst:2677 - Node <mips_instace/datapath_instance/pcreg/q_23> of sequential type is unconnected in block <top>.
WARNING:Xst:2677 - Node <mips_instace/datapath_instance/pcreg/q_22> of sequential type is unconnected in block <top>.
WARNING:Xst:2677 - Node <mips_instace/datapath_instance/pcreg/q_21> of sequential type is unconnected in block <top>.
WARNING:Xst:2677 - Node <mips_instace/datapath_instance/pcreg/q_20> of sequential type is unconnected in block <top>.
WARNING:Xst:2677 - Node <mips_instace/datapath_instance/pcreg/q_19> of sequential type is unconnected in block <top>.
WARNING:Xst:2677 - Node <mips_instace/datapath_instance/pcreg/q_18> of sequential type is unconnected in block <top>.
WARNING:Xst:2677 - Node <mips_instace/datapath_instance/pcreg/q_17> of sequential type is unconnected in block <top>.
WARNING:Xst:2677 - Node <mips_instace/datapath_instance/pcreg/q_16> of sequential type is unconnected in block <top>.
WARNING:Xst:2677 - Node <mips_instace/datapath_instance/pcreg/q_15> of sequential type is unconnected in block <top>.
WARNING:Xst:2677 - Node <mips_instace/datapath_instance/pcreg/q_14> of sequential type is unconnected in block <top>.
WARNING:Xst:2677 - Node <mips_instace/datapath_instance/pcreg/q_13> of sequential type is unconnected in block <top>.
WARNING:Xst:2677 - Node <mips_instace/datapath_instance/pcreg/q_12> of sequential type is unconnected in block <top>.
WARNING:Xst:2677 - Node <mips_instace/datapath_instance/pcreg/q_11> of sequential type is unconnected in block <top>.
WARNING:Xst:2677 - Node <mips_instace/datapath_instance/pcreg/q_10> of sequential type is unconnected in block <top>.
WARNING:Xst:2677 - Node <mips_instace/datapath_instance/pcreg/q_9> of sequential type is unconnected in block <top>.
WARNING:Xst:2677 - Node <mips_instace/datapath_instance/pcreg/q_8> of sequential type is unconnected in block <top>.
WARNING:Xst:2677 - Node <mips_instace/datapath_instance/pcreg/q_1> of sequential type is unconnected in block <top>.
WARNING:Xst:2677 - Node <mips_instace/datapath_instance/pcreg/q_0> of sequential type is unconnected in block <top>.

Mapping all equations...
Building and optimizing final netlist ...
Found area constraint ratio of 100 (+ 5) on block top, actual ratio is 2.

Final Macro Processing ...

=========================================================================
Final Register Report

Macro Statistics
# Registers                                            : 998
 Flip-Flops                                            : 998

=========================================================================

=========================================================================
*                           Partition Report                            *
=========================================================================

Partition Implementation Status
-------------------------------

  No Partitions were found in this design.

-------------------------------

=========================================================================
*                            Design Summary                             *
=========================================================================

Top Level Output File Name         : top.ngc

Primitive and Black Box Usage:
------------------------------
# BELS                             : 994
#      GND                         : 1
#      INV                         : 1
#      LUT1                        : 4
#      LUT2                        : 38
#      LUT3                        : 3
#      LUT4                        : 4
#      LUT5                        : 141
#      LUT6                        : 677
#      MUXCY                       : 48
#      MUXF7                       : 32
#      VCC                         : 1
#      XORCY                       : 44
# FlipFlops/Latches                : 998
#      FDC                         : 6
#      FDCE                        : 992
# RAMS                             : 32
#      RAM64X1S                    : 32
# Clock Buffers                    : 1
#      BUFGP                       : 1
# IO Buffers                       : 66
#      IBUF                        : 1
#      OBUF                        : 65

Device utilization summary:
---------------------------

Selected Device : xa7a100tcsg324-2i 


Slice Logic Utilization: 
 Number of Slice Registers:             998  out of  126800     0%  
 Number of Slice LUTs:                  900  out of  63400     1%  
    Number used as Logic:               868  out of  63400     1%  
    Number used as Memory:               32  out of  19000     0%  
       Number used as RAM:               32

Slice Logic Distribution: 
 Number of LUT Flip Flop pairs used:   1844
   Number with an unused Flip Flop:     846  out of   1844    45%  
   Number with an unused LUT:           944  out of   1844    51%  
   Number of fully used LUT-FF pairs:    54  out of   1844     2%  
   Number of unique control sets:        32

IO Utilization: 
 Number of IOs:                          67
 Number of bonded IOBs:                  67  out of    210    31%  

Specific Feature Utilization:
 Number of BUFG/BUFGCTRLs:                1  out of     32     3%  

---------------------------
Partition Resource Summary:
---------------------------

  No Partitions were found in this design.

---------------------------


=========================================================================
Timing Report

NOTE: THESE TIMING NUMBERS ARE ONLY A SYNTHESIS ESTIMATE.
      FOR ACCURATE TIMING INFORMATION PLEASE REFER TO THE TRACE REPORT
      GENERATED AFTER PLACE-and-ROUTE.

Clock Information:
------------------
-----------------------------------+------------------------+-------+
Clock Signal                       | Clock buffer(FF name)  | Load  |
-----------------------------------+------------------------+-------+
clk                                | BUFGP                  | 1030  |
-----------------------------------+------------------------+-------+

Asynchronous Control Signals Information:
----------------------------------------
No asynchronous control signals found in this design

Timing Summary:
---------------
Speed Grade: -2

   Minimum period: 7.560ns (Maximum Frequency: 132.275MHz)
   Minimum input arrival time before clock: 0.924ns
   Maximum output required time after clock: 6.885ns
   Maximum combinational path delay: No path found

Timing Details:
---------------
All values displayed in nanoseconds (ns)

=========================================================================
Timing constraint: Default period analysis for Clock 'clk'
  Clock period: 7.560ns (frequency: 132.275MHz)
  Total number of paths / destination ports: 32344408 / 2246
-------------------------------------------------------------------------
Delay:               7.560ns (Levels of Logic = 37)
  Source:            mips_instace/datapath_instance/pcreg/q_7 (FF)
  Destination:       mips_instace/datapath_instance/pcreg/q_7 (FF)
  Source Clock:      clk rising
  Destination Clock: clk rising

  Data Path: mips_instace/datapath_instance/pcreg/q_7 to mips_instace/datapath_instance/pcreg/q_7
                                Gate     Net
    Cell:in->out      fanout   Delay   Delay  Logical Name (Net Name)
    ----------------------------------------  ------------
     FDC:C->Q             20   0.361   0.859  mips_instace/datapath_instance/pcreg/q_7 (mips_instace/datapath_instance/pcreg/q_7)
     LUT6:I0->O          257   0.097   0.611  imem_instance/Mram_rd171 (instr<17>)
     LUT6:I4->O            1   0.097   0.616  mips_instace/datapath_instance/rf_instance/read_data_mux2/Mmux_output_81 (mips_instace/datapath_instance/rf_instance/read_data_mux2/Mmux_output_81)
     LUT6:I2->O            1   0.097   0.571  mips_instace/datapath_instance/rf_instance/read_data_mux2/Mmux_output_3 (mips_instace/datapath_instance/rf_instance/read_data_mux2/Mmux_output_3)
     LUT6:I3->O            2   0.097   0.360  mips_instace/datapath_instance/main_alu/Mmux_B110 (mips_instace/datapath_instance/main_alu/B<0>)
     LUT2:I1->O            1   0.097   0.000  mips_instace/datapath_instance/main_alu/Madd_sum_Madd_lut<0> (mips_instace/datapath_instance/main_alu/Madd_sum_Madd_lut<0>)
     MUXCY:S->O            1   0.353   0.000  mips_instace/datapath_instance/main_alu/Madd_sum_Madd_cy<0> (mips_instace/datapath_instance/main_alu/Madd_sum_Madd_cy<0>)
     MUXCY:CI->O           1   0.023   0.000  mips_instace/datapath_instance/main_alu/Madd_sum_Madd_cy<1> (mips_instace/datapath_instance/main_alu/Madd_sum_Madd_cy<1>)
     MUXCY:CI->O           1   0.023   0.000  mips_instace/datapath_instance/main_alu/Madd_sum_Madd_cy<2> (mips_instace/datapath_instance/main_alu/Madd_sum_Madd_cy<2>)
     MUXCY:CI->O           1   0.023   0.000  mips_instace/datapath_instance/main_alu/Madd_sum_Madd_cy<3> (mips_instace/datapath_instance/main_alu/Madd_sum_Madd_cy<3>)
     MUXCY:CI->O           1   0.023   0.000  mips_instace/datapath_instance/main_alu/Madd_sum_Madd_cy<4> (mips_instace/datapath_instance/main_alu/Madd_sum_Madd_cy<4>)
     MUXCY:CI->O           1   0.023   0.000  mips_instace/datapath_instance/main_alu/Madd_sum_Madd_cy<5> (mips_instace/datapath_instance/main_alu/Madd_sum_Madd_cy<5>)
     MUXCY:CI->O           1   0.023   0.000  mips_instace/datapath_instance/main_alu/Madd_sum_Madd_cy<6> (mips_instace/datapath_instance/main_alu/Madd_sum_Madd_cy<6>)
     MUXCY:CI->O           1   0.023   0.000  mips_instace/datapath_instance/main_alu/Madd_sum_Madd_cy<7> (mips_instace/datapath_instance/main_alu/Madd_sum_Madd_cy<7>)
     MUXCY:CI->O           1   0.023   0.000  mips_instace/datapath_instance/main_alu/Madd_sum_Madd_cy<8> (mips_instace/datapath_instance/main_alu/Madd_sum_Madd_cy<8>)
     MUXCY:CI->O           1   0.023   0.000  mips_instace/datapath_instance/main_alu/Madd_sum_Madd_cy<9> (mips_instace/datapath_instance/main_alu/Madd_sum_Madd_cy<9>)
     MUXCY:CI->O           1   0.023   0.000  mips_instace/datapath_instance/main_alu/Madd_sum_Madd_cy<10> (mips_instace/datapath_instance/main_alu/Madd_sum_Madd_cy<10>)
     MUXCY:CI->O           1   0.023   0.000  mips_instace/datapath_instance/main_alu/Madd_sum_Madd_cy<11> (mips_instace/datapath_instance/main_alu/Madd_sum_Madd_cy<11>)
     MUXCY:CI->O           1   0.023   0.000  mips_instace/datapath_instance/main_alu/Madd_sum_Madd_cy<12> (mips_instace/datapath_instance/main_alu/Madd_sum_Madd_cy<12>)
     MUXCY:CI->O           1   0.023   0.000  mips_instace/datapath_instance/main_alu/Madd_sum_Madd_cy<13> (mips_instace/datapath_instance/main_alu/Madd_sum_Madd_cy<13>)
     MUXCY:CI->O           1   0.023   0.000  mips_instace/datapath_instance/main_alu/Madd_sum_Madd_cy<14> (mips_instace/datapath_instance/main_alu/Madd_sum_Madd_cy<14>)
     MUXCY:CI->O           1   0.023   0.000  mips_instace/datapath_instance/main_alu/Madd_sum_Madd_cy<15> (mips_instace/datapath_instance/main_alu/Madd_sum_Madd_cy<15>)
     MUXCY:CI->O           1   0.023   0.000  mips_instace/datapath_instance/main_alu/Madd_sum_Madd_cy<16> (mips_instace/datapath_instance/main_alu/Madd_sum_Madd_cy<16>)
     MUXCY:CI->O           1   0.023   0.000  mips_instace/datapath_instance/main_alu/Madd_sum_Madd_cy<17> (mips_instace/datapath_instance/main_alu/Madd_sum_Madd_cy<17>)
     MUXCY:CI->O           1   0.023   0.000  mips_instace/datapath_instance/main_alu/Madd_sum_Madd_cy<18> (mips_instace/datapath_instance/main_alu/Madd_sum_Madd_cy<18>)
     MUXCY:CI->O           1   0.023   0.000  mips_instace/datapath_instance/main_alu/Madd_sum_Madd_cy<19> (mips_instace/datapath_instance/main_alu/Madd_sum_Madd_cy<19>)
     MUXCY:CI->O           1   0.023   0.000  mips_instace/datapath_instance/main_alu/Madd_sum_Madd_cy<20> (mips_instace/datapath_instance/main_alu/Madd_sum_Madd_cy<20>)
     MUXCY:CI->O           1   0.023   0.000  mips_instace/datapath_instance/main_alu/Madd_sum_Madd_cy<21> (mips_instace/datapath_instance/main_alu/Madd_sum_Madd_cy<21>)
     XORCY:CI->O           1   0.370   0.355  mips_instace/datapath_instance/main_alu/Madd_sum_Madd_xor<22> (mips_instace/datapath_instance/main_alu/sum<22>)
     LUT5:I4->O            3   0.097   0.755  mips_instace/datapath_instance/main_alu/Mmux_tmp151 (dataadr_22_OBUF)
     LUT6:I1->O            1   0.097   0.000  mips_instace/controller_instance/pcsrc_wg_lut<1> (mips_instace/controller_instance/pcsrc_wg_lut<1>)
     MUXCY:S->O            1   0.353   0.000  mips_instace/controller_instance/pcsrc_wg_cy<1> (mips_instace/controller_instance/pcsrc_wg_cy<1>)
     MUXCY:CI->O           1   0.023   0.000  mips_instace/controller_instance/pcsrc_wg_cy<2> (mips_instace/controller_instance/pcsrc_wg_cy<2>)
     MUXCY:CI->O           1   0.023   0.000  mips_instace/controller_instance/pcsrc_wg_cy<3> (mips_instace/controller_instance/pcsrc_wg_cy<3>)
     MUXCY:CI->O           1   0.023   0.000  mips_instace/controller_instance/pcsrc_wg_cy<4> (mips_instace/controller_instance/pcsrc_wg_cy<4>)
     MUXCY:CI->O           1   0.023   0.000  mips_instace/controller_instance/pcsrc_wg_cy<5> (mips_instace/controller_instance/pcsrc_wg_cy<5>)
     MUXCY:CI->O           6   0.253   0.383  mips_instace/controller_instance/pcsrc_wg_cy<6> (mips_instace/pcsrc)
     LUT5:I4->O            1   0.097   0.000  mips_instace/datapath_instance/pcmux/Mmux_Y231 (mips_instace/datapath_instance/pcnext<2>)
     FDC:D                     0.008          mips_instace/datapath_instance/pcreg/q_2
    ----------------------------------------
    Total                      7.560ns (3.049ns logic, 4.511ns route)
                                       (40.3% logic, 59.7% route)

=========================================================================
Timing constraint: Default OFFSET IN BEFORE for Clock 'clk'
  Total number of paths / destination ports: 998 / 998
-------------------------------------------------------------------------
Offset:              0.924ns (Levels of Logic = 1)
  Source:            reset (PAD)
  Destination:       mips_instace/datapath_instance/pcreg/q_7 (FF)
  Destination Clock: clk rising

  Data Path: reset to mips_instace/datapath_instance/pcreg/q_7
                                Gate     Net
    Cell:in->out      fanout   Delay   Delay  Logical Name (Net Name)
    ----------------------------------------  ------------
     IBUF:I->O           998   0.001   0.574  reset_IBUF (reset_IBUF)
     FDC:CLR                   0.349          mips_instace/datapath_instance/pcreg/q_2
    ----------------------------------------
    Total                      0.924ns (0.350ns logic, 0.574ns route)
                                       (37.9% logic, 62.1% route)

=========================================================================
Timing constraint: Default OFFSET OUT AFTER for Clock 'clk'
  Total number of paths / destination ports: 1227424 / 65
-------------------------------------------------------------------------
Offset:              6.885ns (Levels of Logic = 17)
  Source:            mips_instace/datapath_instance/pcreg/q_7 (FF)
  Destination:       writedata<31> (PAD)
  Source Clock:      clk rising

  Data Path: mips_instace/datapath_instance/pcreg/q_7 to writedata<31>
                                Gate     Net
    Cell:in->out      fanout   Delay   Delay  Logical Name (Net Name)
    ----------------------------------------  ------------
     FDC:C->Q             20   0.361   0.859  mips_instace/datapath_instance/pcreg/q_7 (mips_instace/datapath_instance/pcreg/q_7)
     LUT6:I0->O          257   0.097   0.611  imem_instance/Mram_rd171 (instr<17>)
     LUT6:I4->O            1   0.097   0.616  mips_instace/datapath_instance/rf_instance/read_data_mux2/Mmux_output_81 (mips_instace/datapath_instance/rf_instance/read_data_mux2/Mmux_output_81)
     LUT6:I2->O            1   0.097   0.571  mips_instace/datapath_instance/rf_instance/read_data_mux2/Mmux_output_3 (mips_instace/datapath_instance/rf_instance/read_data_mux2/Mmux_output_3)
     LUT6:I3->O            2   0.097   0.360  mips_instace/datapath_instance/main_alu/Mmux_B110 (mips_instace/datapath_instance/main_alu/B<0>)
     LUT2:I1->O            1   0.097   0.000  mips_instace/datapath_instance/main_alu/Madd_sum_Madd_lut<0> (mips_instace/datapath_instance/main_alu/Madd_sum_Madd_lut<0>)
     MUXCY:S->O            1   0.353   0.000  mips_instace/datapath_instance/main_alu/Madd_sum_Madd_cy<0> (mips_instace/datapath_instance/main_alu/Madd_sum_Madd_cy<0>)
     MUXCY:CI->O           1   0.023   0.000  mips_instace/datapath_instance/main_alu/Madd_sum_Madd_cy<1> (mips_instace/datapath_instance/main_alu/Madd_sum_Madd_cy<1>)
     MUXCY:CI->O           1   0.023   0.000  mips_instace/datapath_instance/main_alu/Madd_sum_Madd_cy<2> (mips_instace/datapath_instance/main_alu/Madd_sum_Madd_cy<2>)
     MUXCY:CI->O           1   0.023   0.000  mips_instace/datapath_instance/main_alu/Madd_sum_Madd_cy<3> (mips_instace/datapath_instance/main_alu/Madd_sum_Madd_cy<3>)
     MUXCY:CI->O           1   0.023   0.000  mips_instace/datapath_instance/main_alu/Madd_sum_Madd_cy<4> (mips_instace/datapath_instance/main_alu/Madd_sum_Madd_cy<4>)
     MUXCY:CI->O           1   0.023   0.000  mips_instace/datapath_instance/main_alu/Madd_sum_Madd_cy<5> (mips_instace/datapath_instance/main_alu/Madd_sum_Madd_cy<5>)
     MUXCY:CI->O           1   0.023   0.000  mips_instace/datapath_instance/main_alu/Madd_sum_Madd_cy<6> (mips_instace/datapath_instance/main_alu/Madd_sum_Madd_cy<6>)
     XORCY:CI->O           2   0.370   0.360  mips_instace/datapath_instance/main_alu/Madd_sum_Madd_xor<7> (mips_instace/datapath_instance/main_alu/sum<7>)
     LUT5:I4->O           34   0.097   0.469  mips_instace/datapath_instance/main_alu/Mmux_tmp301 (dataadr_7_OBUF)
     RAM64X1S:A5->O        1   0.097   0.571  dmem_instance/Mram_mem1 (dmem_instance/_n0007<0>)
     LUT5:I2->O           34   0.097   0.469  mips_instace/datapath_instance/memtoreg_mux/Mmux_Y110 (writedata_0_OBUF)
     OBUF:I->O                 0.000          writedata_0_OBUF (writedata<0>)
    ----------------------------------------
    Total                      6.885ns (1.998ns logic, 4.887ns route)
                                       (29.0% logic, 71.0% route)

=========================================================================

Cross Clock Domains Report:
--------------------------

Clock to Setup on destination clock clk
---------------+---------+---------+---------+---------+
               | Src:Rise| Src:Fall| Src:Rise| Src:Fall|
Source Clock   |Dest:Rise|Dest:Rise|Dest:Fall|Dest:Fall|
---------------+---------+---------+---------+---------+
clk            |    7.560|         |         |         |
---------------+---------+---------+---------+---------+

=========================================================================


Total REAL time to Xst completion: 92.00 secs
Total CPU time to Xst completion: 91.58 secs
 
--> 

Total memory usage is 5160564 kilobytes

Number of errors   :    0 (   0 filtered)
Number of warnings :   35 (   0 filtered)
Number of infos    :    2 (   0 filtered)

